Started by user [8mha:////4EbHOfWxipjAGhr9VAiCyLChvtvl1+VTSgKLTluzCcenAAAAlx+LCAAAAAAAAP9b85aBtbiIQTGjNKU4P08vOT+vOD8nVc83PyU1x6OyILUoJzMv2y+/JJUBAhiZGBgqihhk0NSjKDWzXb3RdlLBUSYGJk8GtpzUvPSSDB8G5tKinBIGIZ+sxLJE/ZzEvHT94JKizLx0a6BxUmjGOUNodHsLgAzWEgZu/dLi1CL9xJTczDwAj6GcLcAAAAA=[0madmin
Obtained Jenkinsfile from git https://github.com/ankit8917/casestudy_devops10.git
Running in Durability level: MAX_SURVIVABILITY
[8mha:////4AzJq0b8dqb83jwVp2grC6GsbvLZs/jWG/XB2tSSFl1yAAAAoh+LCAAAAAAAAP9tjTEOwjAQBM8BClpKHuFItIiK1krDC0x8GCfWnbEdkooX8TX+gCESFVvtrLSa5wtWKcKBo5UdUu8otU4GP9jS5Mixv3geZcdn2TIl9igbHBs2eJyx4YwwR1SwULBGaj0nRzbDRnX6rmuvydanHMu2V1A5c4MHCFXMWcf8hSnC9jqYxPTz/BXAFEIGsfuclm8zQVqFvQAAAA==[0m[Pipeline] Start of Pipeline
[8mha:////4OUwBgJX5DJ3mCwTKUyX+ZAHzlauq15FQ2zdJUpJVhTWAAAApR+LCAAAAAAAAP9tjTEOwjAUQ3+KOrAycohUghExsUZZOEFIQkgb/d8mKe3EibgadyBQiQlLlmxL1nu+oE4RjhQdby12HpP2vA+jK4lPFLtroIm3dOGaMFGwXNpJkrGnpUrKFhaxClYC1hZ1oOTRZdiIVt1VExS65pxj2Q4CKm8GeAAThZxVzN8yR9jeRpMIf5y/AJj7DGxXvP/86jduZBmjwAAAAA==[0m[Pipeline] node
Running on [8mha:////4Akf/+NMV2iSxbfp2yRL1H1t+53B39Asib7rbcT5ZaWIAAAAnh+LCAAAAAAAAP9b85aBtbiIQTGjNKU4P08vOT+vOD8nVc83PyU1x6OyILUoJzMv2y+/JJUBAhiZGBgqihhk0NSjKDWzXb3RdlLBUSYGJk8GtpzUvPSSDB8G5tKinBIGIZ+sxLJE/ZzEvHT94JKizLx0a6BxUmjGOUNodHsLgAz2EgZh/eT83ILSktQifY3cxGIgrakPAHib2iPIAAAA[0mJenkins in /var/lib/jenkins/workspace/case-study-pipeline
[8mha:////4Dpx4gQ3ZHSH2jOhjDenJh4oY0L7fAFNwo4tRWEhkjmYAAAApR+LCAAAAAAAAP9tjTEOwjAUQ3+KOrAycoh0gA0xsUZZOEFIQkgb/d8mKe3EibgadyBQiQlLlmxL1nu+oE4RjhQdby12HpP2vA+jK4lPFLtroIm3dOGaMFGwXNpJkrGnpUrKFhaxClYC1hZ1oOTRZdiIVt1VExS65pxj2Q4CKm8GeAAThZxVzN8yR9jeRpMIf5y/AJj7DGxXvP/86jfoP95RwAAAAA==[0m[Pipeline] {
[8mha:////4LfTl+R4KAjt821m/U/5dS16KHBjJl25rCcniSj8pWUbAAAApR+LCAAAAAAAAP9tjTEOwjAUQ3+KOrAycoh0gQkxsUZZOEFIQkgb/d8mKe3EibgadyBQiQlLlmxL1nu+oE4RjhQdby12HpP2vA+jK4lPFLtroIm3dOGaMFGwXNpJkrGnpUrKFhaxClYC1hZ1oOTRZdiIVt1VExS65pxj2Q4CKm8GeAAThZxVzN8yR9jeRpMIf5y/AJj7DGxXvP/86jc09154wAAAAA==[0m[Pipeline] stage
[8mha:////4BcC5WrExsZBBAjk/uZOprhbNNWFRulOCWOMIETQM6AAAAAApR+LCAAAAAAAAP9tjTEOwjAUQ3+KOrAycoh0ggUxsUZZOEFIQkgb/d8mKe3EibgadyBQiQlLlmxL1nu+oE4RjhQdby12HpP2vA+jK4lPFLtroIm3dOGaMFGwXNpJkrGnpUrKFhaxClYC1hZ1oOTRZdiIVt1VExS65pxj2Q4CKm8GeAAThZxVzN8yR9jeRpMIf5y/AJj7DGxXvP/86jek7ggRwAAAAA==[0m[Pipeline] { (Preparation)
[8mha:////4KxJ0UxcnA62D89ZIIq6Q+87SspN/yE5FLNaAFtVgTnPAAAAoh+LCAAAAAAAAP9tjTEOAiEURD9rLGwtPQTbaWGsbAmNJ0AWEZb8zwLrbuWJvJp3kLiJlZNMMm+a93rDOic4UbLcG+wdZu14DKOti0+U+lugiXu6ck2YKRguzSSpM+cFJRUDS1gDKwEbgzpQdmgLbIVXD9UGhba9lFS/o4DGdQM8gYlqLiqVL8wJdvexy4Q/z18BzLEA29ce4gfg7KmOvAAAAA==[0m[Pipeline] echo
Preparing the Jenkins environment with required tools for pipeline
[8mha:////4Hte+CeU8XxlYvbiY7Vc4uB88ftjaMAxn0px+lKaDiHqAAAAoh+LCAAAAAAAAP9tjTEOAiEURD9rLGwtPQTbGRNjZUtoPAGyiLDkfxZYdytP5NW8g8RNrJxkknnTvNcb1jnBiZLl3mDvMGvHYxhtXXyi1N8CTdzTlWvCTMFwaSZJnTkvKKkYWMIaWAnYGNSBskNbYCu8eqg2KLTtpaT6HQU0rhvgCUxUc1GpfGFOsLuPXSb8ef4KYI4F2L72ED8v8DEJvAAAAA==[0m[Pipeline] tool
[8mha:////4EVT0yEWw9HMGBhp5RpVj9i4mkAJWLYyXvhSArJxdE1uAAAAoh+LCAAAAAAAAP9tjTEOAiEURD9rLGwtPQTbmRhjZUtoPAGyiLDkfxZYdytP5NW8g8RNrJxkknnTvNcb1jnBiZLl3mDvMGvHYxhtXXyi1N8CTdzTlWvCTMFwaSZJnTkvKKkYWMIaWAnYGNSBskNbYCu8eqg2KLTtpaT6HQU0rhvgCUxUc1GpfGFOsLuPXSb8ef4KYI4F2L72ED9uwSoQvAAAAA==[0m[Pipeline] tool
[8mha:////4FvZL4d3LWOfLTz+evAY5eVGeH+yLwINaDCG/t0HtC34AAAAox+LCAAAAAAAAP9tjTESgjAQRT84FraWHiJoY+NY2WZoPEGEGAOZXUwWofJEXs07yMiMlb/67zXv9cYyRRw5OtVYaj2lyqsu9G56auDYXgMPquGLqpgSB6tKO5Rc29OMJYvFvCzHQmNlqQqcPDnBWjfmYYpgyBVniZM7aOS+vuOJTE9lMVG+MEZsbn2dmH6dvwGMXSfId1tBtv8AqUpLPL0AAAA=[0m[Pipeline] }
[8mha:////4Lzkr8C3JskGHRFnW5KGgnR4zKaOa7WgjvHzCKdX9GDUAAAAox+LCAAAAAAAAP9tjTESgjAQRT84FraWHiIMhZVjZZuh8QQRYgxkdjFZhMoTeTXvICMzVv7qv9e81xvrFHHk6FRrqfOUaq/6MLj5qZFjdw08qpYvqmZKHKyq7FhxY08LViwWy7IcK42NpTpw8uQEW92ahymCIVecJc7uoJH75o4nMj2XxUT5whSxuw1NYvp1/gYw9b0gL0tBtv8AozIimL0AAAA=[0m[Pipeline] // stage
[8mha:////4FO/7YuGGs6dIUtC3U04cAlHJDhPtmlBLU9rWkAJos+TAAAAph+LCAAAAAAAAP9tjTEOwjAQBM9BKWgpeYQjEB2iorXc8AITG+PEugv2haTiRXyNPxCIRMVWOyut5vmCMic4UPKycdgGzHWQXez91ORAqb1EGmRDZ1kTZopOajdosu44oyZ2MEcUsFCwdFhHygE9w0o15m6qaNBXJ07TtldQBHuDBwg1mdkk/sKYYH3tbSb8ef4KYOwYxI6h2Gw/x/INvUXiHMEAAAA=[0m[Pipeline] stage
[8mha:////4DDjXavOGB4He4l0J3AxnkZH/8ZAn2TaWzyM/4wS6lRwAAAAph+LCAAAAAAAAP9tjTEOwjAUQ3+LOrAycohUwIiYukZZOEFoQkgb/V9+UtqJE3E17kBLJSY8WLYl673eUESGE7ETjcXWY6y96ELvpiQG4vYaaBANXURNGClYoeygyNhqqYqShUVZDisJa4t1oOjRJdjIRj90GTS68px42o4Scm/u8IRMTuSkOX3LyLC99SYS/jh/ATB2CfLdfrbD/Cw+y7kUycIAAAA=[0m[Pipeline] { (Checkout the GIT SCM)
[8mha:////4MgWKbIQamixLEmXGcIJZYzrkHniUFog+n3aJ5W6mSvFAAAApB+LCAAAAAAAAP9tjTEOwjAQBC9BFLSUPOIiBB2iSmu54QUmNsaJdWdsh6TiRXyNPxCIRMUWq51t5vmCZYpw5GixNdQ5So3D4Hs7LRw4dhfPA7Z8xoYpsTcozSBZm3pGydnAnKKEhYCVocZzcmQzrEWr7qryimx1ynH6DgJKp2/wgEJM5qxi/sIYYXPtdWL6ef4KYAwZyu3uU/vwBgq0rvS+AAAA[0m[Pipeline] echo
Checking out the code from Git Repository
[8mha:////4OYIR3xDSB/+SXfb5XaHjAAt28sLoGzdkRlk1XGag7j6AAAApB+LCAAAAAAAAP9tjTEOwjAQBC9BFLSUPOIihKgQVVrLDS8wsTFOrDtjOyQVL+Jr/IFAJCq2WO1sM88XLFOEI0eLraHOUWocBt/baeHAsbt4HrDlMzZMib1BaQbJ2tQzSs4G5hQlLASsDDWekyObYS1adVeVV2SrU47TdxBQOn2DBxRiMmcV8xfGCJtrrxPTz/NXAGPIUG53n9qHN0uFte2+AAAA[0m[Pipeline] git
Selected Git installation does not exist. Using Default
The recommended git tool is: NONE
No credentials specified
Cloning the remote Git repository
Cloning repository https://github.com/ankit8917/casestudy_devops10.git
 > git init /var/lib/jenkins/workspace/case-study-pipeline # timeout=10
Fetching upstream changes from https://github.com/ankit8917/casestudy_devops10.git
 > git --version # timeout=10
 > git --version # 'git version 2.17.1'
 > git fetch --tags --progress -- https://github.com/ankit8917/casestudy_devops10.git +refs/heads/*:refs/remotes/origin/* # timeout=10
 > git config remote.origin.url https://github.com/ankit8917/casestudy_devops10.git # timeout=10
 > git config --add remote.origin.fetch +refs/heads/*:refs/remotes/origin/* # timeout=10
Avoid second fetch
 > git rev-parse refs/remotes/origin/master^{commit} # timeout=10
Checking out Revision 8acd15976ac5d3d4ebbbdb465c4a3e58f7dd99b4 (refs/remotes/origin/master)
 > git config core.sparsecheckout # timeout=10
 > git checkout -f 8acd15976ac5d3d4ebbbdb465c4a3e58f7dd99b4 # timeout=10
 > git branch -a -v --no-abbrev # timeout=10
 > git checkout -b master 8acd15976ac5d3d4ebbbdb465c4a3e58f7dd99b4 # timeout=10
Commit message: "Update README.md"
 > git rev-list --no-walk 8acd15976ac5d3d4ebbbdb465c4a3e58f7dd99b4 # timeout=10
[8mha:////4CSdy0afQuUxNU+4OQ8n2bCTzIGljAh+3vaiucq3cej8AAAApR+LCAAAAAAAAP9tjTEOwjAQBC9BFLSUPOIihESDqNJabniBiY1xYt0Z2yGpeBFf4w8EIlGxxWpnm3m+YJkiHDlabA11jlLjMPjeTgsHjt3F84Atn7FhSuwNSjNI1qaeUXI2MKcoYSFgZajxnBzZDGvRqruqvCJbnXKcvoOA0ukbPKAQkzmrmL8wRthce52Yfp6/AhhDyFBu95/avQEeFbpZvgAAAA==[0m[Pipeline] }
[8mha:////4JPT4/+vpVUutOFm3lAGtXn8M7n7QLJB5OVwfOhjLwIiAAAApB+LCAAAAAAAAP9tjTEOwjAQBC9BFLSUPOIiaCgQVVrLDS8wsTFOrDtjOyQVL+Jr/IFAJCq2WO1sM88XLFOEI0eLraHOUWocBt/baeHAsbt4HrDlMzZMib1BaQbJ2tQzSs4G5hQlLASsDDWekyObYS1adVeVV2SrU47TdxBQOn2DBxRiMmcV8xfGCJtrrxPTz/NXAGMIGcrt/lO7Ny324eW+AAAA[0m[Pipeline] // stage
[8mha:////4DlfqY91ryHRFFleaMBSRBsLKir+RabhgW2HlsaGgl4iAAAApx+LCAAAAAAAAP9tjTEOwjAQBM9BKWgpeYQjJAokREVrueEFJjbGiXUX7AtJxYv4Gn8gEImKrXZWWs3zBWVOcKDkZeOwDZjrILvY+6nJgVJ7iTTIhs6yJswUndRu0GTdcUZN7GCOKGChYOmwjpQDeoaVaszdVNGgr06cpm2voAj2Bg8QajKzSfyFMcH62ttM+PP8FcDYMYgtQ7HZfY7lG9tmeb3BAAAA[0m[Pipeline] stage
[8mha:////4Mtq5ApkZSARxeY2fdzEeFHmyz2uDNbqwpDBRVzN6+0dAAAApx+LCAAAAAAAAP9tjTEOwjAUQ3+LOrAycohUbCDE1DXKwglCE0La6P/yk9JOnIircQdaKjHhwbItWe/1hiIynIidaCy2HmPtRRd6NyUxELfXQINo6CJqwkjBCmUHRcZWS1WULCzKclhJWFusA0WPLsFGNvqhy6DRlefE03aUkHtzhydkciInzelbRobtrTeR8Mf5C4CxS5Dv9rMd5mfxASnCIIrCAAAA[0m[Pipeline] { (Build, Test and package using Maven Tool)
[8mha:////4EnH7mTBJhWBmGMA40537D7uKaUeZbvTqSdcqaKzooCVAAAApB+LCAAAAAAAAP9tjTEOwjAQBC9BFLSUPOICdAilorXc8AKTGOPEugu2g1PxIr7GH7CIRMUWq51t5vWGZfBQszfYaeothcbi4EaTFyb2/dVxwo4v2DAFdhqlTpJbfZpRctQwpyhhIWClqXEcLJkIa9Gph6qcIlOdo8/fUUBp2zs8oRDZHJWPX5g8bG5jG5h+nr8CmIYI5e6Qa78dPhmQ9Da+AAAA[0m[Pipeline] echo
Building, Testing and Packaging the application
[8mha:////4Hz2phB8+N3edQMaHntZjlccTWc9L0VF8AwLswoYN9vUAAAApB+LCAAAAAAAAP9tjTEOwjAQBC9BFLSUPOKi0CFEldZKwwtMbIwT687YDknFi/gaf8AiEhVbrHa2mdcb1jHAiYPBXtNgKXYWvRtNXjhxGK6OJ+z5gh1TZKex1VPLSjcLtpw0LClKWAnYaOocR0smwVb08iErJ8lU5xTydxRQWnWHJxQim5MM6QtzgN1tVJHp5/krgNknKOtDrn3tP1ih7y++AAAA[0m[Pipeline] sh
+ /var/lib/jenkins/tools/hudson.tasks.Maven_MavenInstallation/maven/bin/mvn clean package
[INFO] Scanning for projects...
[INFO] 
[INFO] -----------------------< com.casestudy:bootcamp >-----------------------
[INFO] Building bootcamp 0.0.1-SNAPSHOT
[INFO] --------------------------------[ jar ]---------------------------------
[INFO] 
[INFO] --- maven-clean-plugin:3.1.0:clean (default-clean) @ bootcamp ---
[INFO] 
[INFO] --- maven-resources-plugin:3.1.0:resources (default-resources) @ bootcamp ---
[INFO] Using 'UTF-8' encoding to copy filtered resources.
[INFO] Copying 1 resource
[INFO] Copying 1 resource
[INFO] 
[INFO] --- maven-compiler-plugin:3.8.1:compile (default-compile) @ bootcamp ---
[INFO] Changes detected - recompiling the module!
[INFO] Compiling 2 source files to /var/lib/jenkins/workspace/case-study-pipeline/target/classes
[INFO] 
[INFO] --- maven-resources-plugin:3.1.0:testResources (default-testResources) @ bootcamp ---
[INFO] Using 'UTF-8' encoding to copy filtered resources.
[INFO] skip non existing resourceDirectory /var/lib/jenkins/workspace/case-study-pipeline/src/test/resources
[INFO] 
[INFO] --- maven-compiler-plugin:3.8.1:testCompile (default-testCompile) @ bootcamp ---
[INFO] Changes detected - recompiling the module!
[INFO] Compiling 1 source file to /var/lib/jenkins/workspace/case-study-pipeline/target/test-classes
[INFO] 
[INFO] --- maven-surefire-plugin:2.22.2:test (default-test) @ bootcamp ---
[INFO] 
[INFO] -------------------------------------------------------
[INFO]  T E S T S
[INFO] -------------------------------------------------------
[INFO] Running com.TestMessageController
13:42:29.819 [main] DEBUG org.springframework.test.context.BootstrapUtils - Instantiating CacheAwareContextLoaderDelegate from class [org.springframework.test.context.cache.DefaultCacheAwareContextLoaderDelegate]
13:42:29.864 [main] DEBUG org.springframework.test.context.BootstrapUtils - Instantiating BootstrapContext using constructor [public org.springframework.test.context.support.DefaultBootstrapContext(java.lang.Class,org.springframework.test.context.CacheAwareContextLoaderDelegate)]
13:42:29.890 [main] DEBUG org.springframework.test.context.BootstrapUtils - Instantiating TestContextBootstrapper for test class [com.TestMessageController] from class [org.springframework.boot.test.context.SpringBootTestContextBootstrapper]
13:42:29.912 [main] INFO org.springframework.boot.test.context.SpringBootTestContextBootstrapper - Neither @ContextConfiguration nor @ContextHierarchy found for test class [com.TestMessageController], using SpringBootContextLoader
13:42:29.919 [main] DEBUG org.springframework.test.context.support.AbstractContextLoader - Did not detect default resource location for test class [com.TestMessageController]: class path resource [com/TestMessageController-context.xml] does not exist
13:42:29.920 [main] DEBUG org.springframework.test.context.support.AbstractContextLoader - Did not detect default resource location for test class [com.TestMessageController]: class path resource [com/TestMessageControllerContext.groovy] does not exist
13:42:29.920 [main] INFO org.springframework.test.context.support.AbstractContextLoader - Could not detect default resource locations for test class [com.TestMessageController]: no resource found for suffixes {-context.xml, Context.groovy}.
13:42:29.921 [main] INFO org.springframework.test.context.support.AnnotationConfigContextLoaderUtils - Could not detect default configuration classes for test class [com.TestMessageController]: TestMessageController does not declare any static, non-private, non-final, nested classes annotated with @Configuration.
13:42:29.985 [main] DEBUG org.springframework.test.context.support.ActiveProfilesUtils - Could not find an 'annotation declaring class' for annotation type [org.springframework.test.context.ActiveProfiles] and class [com.TestMessageController]
13:42:30.109 [main] DEBUG org.springframework.context.annotation.ClassPathScanningCandidateComponentProvider - Identified candidate component class: file [/var/lib/jenkins/workspace/case-study-pipeline/target/classes/com/Application.class]
13:42:30.115 [main] INFO org.springframework.boot.test.context.SpringBootTestContextBootstrapper - Found @SpringBootConfiguration com.Application for test class com.TestMessageController
13:42:30.288 [main] DEBUG org.springframework.boot.test.context.SpringBootTestContextBootstrapper - @TestExecutionListeners is not present for class [com.TestMessageController]: using defaults.
13:42:30.289 [main] INFO org.springframework.boot.test.context.SpringBootTestContextBootstrapper - Loaded default TestExecutionListener class names from location [META-INF/spring.factories]: [org.springframework.boot.test.mock.mockito.MockitoTestExecutionListener, org.springframework.boot.test.mock.mockito.ResetMocksTestExecutionListener, org.springframework.boot.test.autoconfigure.restdocs.RestDocsTestExecutionListener, org.springframework.boot.test.autoconfigure.web.client.MockRestServiceServerResetTestExecutionListener, org.springframework.boot.test.autoconfigure.web.servlet.MockMvcPrintOnlyOnFailureTestExecutionListener, org.springframework.boot.test.autoconfigure.web.servlet.WebDriverTestExecutionListener, org.springframework.test.context.web.ServletTestExecutionListener, org.springframework.test.context.support.DirtiesContextBeforeModesTestExecutionListener, org.springframework.test.context.support.DependencyInjectionTestExecutionListener, org.springframework.test.context.support.DirtiesContextTestExecutionListener, org.springframework.test.context.transaction.TransactionalTestExecutionListener, org.springframework.test.context.jdbc.SqlScriptsTestExecutionListener]
13:42:30.328 [main] DEBUG org.springframework.boot.test.context.SpringBootTestContextBootstrapper - Skipping candidate TestExecutionListener [org.springframework.test.context.transaction.TransactionalTestExecutionListener] due to a missing dependency. Specify custom listener classes or make the default listener classes and their required dependencies available. Offending class: [org/springframework/transaction/interceptor/TransactionAttributeSource]
13:42:30.328 [main] DEBUG org.springframework.boot.test.context.SpringBootTestContextBootstrapper - Skipping candidate TestExecutionListener [org.springframework.test.context.jdbc.SqlScriptsTestExecutionListener] due to a missing dependency. Specify custom listener classes or make the default listener classes and their required dependencies available. Offending class: [org/springframework/transaction/interceptor/TransactionAttribute]
13:42:30.328 [main] INFO org.springframework.boot.test.context.SpringBootTestContextBootstrapper - Using TestExecutionListeners: [org.springframework.test.context.web.ServletTestExecutionListener@35b74c5c, org.springframework.test.context.support.DirtiesContextBeforeModesTestExecutionListener@2e570ded, org.springframework.boot.test.mock.mockito.MockitoTestExecutionListener@b86de0d, org.springframework.boot.test.autoconfigure.SpringBootDependencyInjectionTestExecutionListener@81d9a72, org.springframework.test.context.support.DirtiesContextTestExecutionListener@747f281, org.springframework.boot.test.mock.mockito.ResetMocksTestExecutionListener@1169afe1, org.springframework.boot.test.autoconfigure.restdocs.RestDocsTestExecutionListener@2ca26d77, org.springframework.boot.test.autoconfigure.web.client.MockRestServiceServerResetTestExecutionListener@4808bc9b, org.springframework.boot.test.autoconfigure.web.servlet.MockMvcPrintOnlyOnFailureTestExecutionListener@70e38ce1, org.springframework.boot.test.autoconfigure.web.servlet.WebDriverTestExecutionListener@2ca923bb]
13:42:30.331 [main] DEBUG org.springframework.test.context.support.AbstractDirtiesContextTestExecutionListener - Before test class: context [DefaultTestContext@452e19ca testClass = TestMessageController, testInstance = [null], testMethod = [null], testException = [null], mergedContextConfiguration = [WebMergedContextConfiguration@6b0d80ed testClass = TestMessageController, locations = '{}', classes = '{class com.Application}', contextInitializerClasses = '[]', activeProfiles = '{}', propertySourceLocations = '{}', propertySourceProperties = '{org.springframework.boot.test.context.SpringBootTestContextBootstrapper=true}', contextCustomizers = set[org.springframework.boot.test.context.filter.ExcludeFilterContextCustomizer@367ffa75, org.springframework.boot.test.json.DuplicateJsonObjectContextCustomizerFactory$DuplicateJsonObjectContextCustomizer@1c1bbc4e, org.springframework.boot.test.mock.mockito.MockitoContextCustomizer@0, org.springframework.boot.test.web.client.TestRestTemplateContextCustomizer@247bddad, org.springframework.boot.test.autoconfigure.properties.PropertyMappingContextCustomizer@0, org.springframework.boot.test.autoconfigure.web.servlet.WebDriverContextCustomizerFactory$Customizer@7d8704ef], resourceBasePath = 'src/main/webapp', contextLoader = 'org.springframework.boot.test.context.SpringBootContextLoader', parent = [null]], attributes = map['org.springframework.test.context.web.ServletTestExecutionListener.activateListener' -> true]], class annotated with @DirtiesContext [false] with mode [null].
13:42:30.361 [main] DEBUG org.springframework.test.context.support.TestPropertySourceUtils - Adding inlined properties to environment: {spring.jmx.enabled=false, org.springframework.boot.test.context.SpringBootTestContextBootstrapper=true, server.port=-1}

  .   ____          _            __ _ _
 /\\ / ___'_ __ _ _(_)_ __  __ _ \ \ \ \
( ( )\___ | '_ | '_| | '_ \/ _` | \ \ \ \
 \\/  ___)| |_)| | | | | || (_| |  ) ) ) )
  '  |____| .__|_| |_|_| |_\__, | / / / /
 =========|_|==============|___/=/_/_/_/
 :: Spring Boot ::        (v2.1.7.RELEASE)

2021-06-04 13:42:30.835  INFO 18445 --- [           main] com.TestMessageController                : Starting TestMessageController on master with PID 18445 (started by jenkins in /var/lib/jenkins/workspace/case-study-pipeline)
2021-06-04 13:42:30.836  INFO 18445 --- [           main] com.TestMessageController                : No active profile set, falling back to default profiles: default
2021-06-04 13:42:34.050  INFO 18445 --- [           main] o.s.s.concurrent.ThreadPoolTaskExecutor  : Initializing ExecutorService 'applicationTaskExecutor'
2021-06-04 13:42:34.135  INFO 18445 --- [           main] o.s.b.a.w.s.WelcomePageHandlerMapping    : Adding welcome page: class path resource [static/index.html]
2021-06-04 13:42:34.291  INFO 18445 --- [           main] com.TestMessageController                : Started TestMessageController in 3.915 seconds (JVM running for 5.484)
2021-06-04 13:42:34.735  INFO 18445 --- [           main] com.MessageController                    : hello, its an info
2021-06-04 13:42:34.775  INFO 18445 --- [           main] com.MessageController                    : hello from test app1
[INFO] Tests run: 2, Failures: 0, Errors: 0, Skipped: 0, Time elapsed: 5.16 s - in com.TestMessageController
2021-06-04 13:42:34.852  INFO 18445 --- [       Thread-1] o.s.s.concurrent.ThreadPoolTaskExecutor  : Shutting down ExecutorService 'applicationTaskExecutor'
[INFO] 
[INFO] Results:
[INFO] 
[INFO] Tests run: 2, Failures: 0, Errors: 0, Skipped: 0
[INFO] 
[INFO] 
[INFO] --- maven-jar-plugin:3.1.2:jar (default-jar) @ bootcamp ---
[INFO] Building jar: /var/lib/jenkins/workspace/case-study-pipeline/target/bootcamp-0.0.1-SNAPSHOT.jar
[INFO] 
[INFO] --- spring-boot-maven-plugin:2.1.7.RELEASE:repackage (repackage) @ bootcamp ---
[INFO] Replacing main artifact with repackaged archive
[INFO] 
[INFO] --- spring-boot-maven-plugin:2.1.7.RELEASE:repackage (default) @ bootcamp ---
[INFO] Replacing main artifact with repackaged archive
[INFO] ------------------------------------------------------------------------
[INFO] BUILD SUCCESS
[INFO] ------------------------------------------------------------------------
[INFO] Total time:  11.634 s
[INFO] Finished at: 2021-06-04T13:42:36Z
[INFO] ------------------------------------------------------------------------
[8mha:////4MCa/d/gNbaEP4vATtL4H2aSWiYI854pl0zJCsP4hC8mAAAApB+LCAAAAAAAAP9tjTEOwjAQBC9BFLSUPMIR6RCiSmul4QUmPowT687YDknFi/gaf8AiEhVbrHa2mdcb1jHAiYMRPdJgKXZWeDeavMTEYbg6nkTPF9ExRXYoWpxa1tgs2HJCWFKUsJKwQeocR0smwVb26qEqp8hU5xTyd5RQWn2HJxQym5MK6QtzgN1t1JHp5/krgNn7BGVd59ofPoukFhO+AAAA[0m[Pipeline] }
[8mha:////4J+QT/egLsMiklP9Dt2zJJRPBGUJ9jUfwEeya2D8GZiVAAAApR+LCAAAAAAAAP9tjTEOwjAQBC9BFLSUPOIioEFCqWgtN7zAJMY4se6C7eBUvIiv8QcsIlGxxWpnm3m9YRk81OwNdpp6S6GxOLjR5IWJfX91nLDjCzZMgZ1GqZPkVp9mlBw1zClKWAhYaWocB0smwlp06qEqp8hU5+jzdxRQ2vYOTyhENkfl4xcmD5vb2Aamn+evAKZhiFDu9rm2hw+4R02vvgAAAA==[0m[Pipeline] // stage
[8mha:////4NuPcXWIeuJRsosxvAl0Ip1IDv7SLAnBaCwhiYPzxu/4AAAAph+LCAAAAAAAAP9tjTEOwjAQBM9BKWgpeYQjoXSIitZywwtMYowT6y7YF5KKF/E1/oAhEhVb7ay0mucLyhThQNHJzmLvMTVeDmF0ucmJYn8JNMmOzrIhTBSs1HbS1NrjgprYwhJRwErB2mITKHl0DBvVmbupgkFXnTjmba+g8O0NHiBUNrOJ/IU5wvY6tonw5/krgHlgEDVDsas/x/INPbxT+8EAAAA=[0m[Pipeline] stage
[8mha:////4AUVB6So0VThvrqSjQHst2rKsa0nAPNBq6N6wXERA2lsAAAApx+LCAAAAAAAAP9tjTEOwjAUQ3+LOrAycohUQjAhpq5RFk4QmhDSRv+Xn5R24kRcjTvQUokJD5ZtyXqvNxSR4UTsRGOx9RhrL7rQuymJgbi9BhpEQxdRE0YKVig7KDK2WqqiZGFRlsNKwtpiHSh6dAk2stEPXQaNrjwnnrajhNybOzwhkxM5aU7fMjJsb72JhD/OXwCMXYJ8t5/tMD+LD/hYjrHCAAAA[0m[Pipeline] { (Code analysis by Sonarqube Scanner)
[8mha:////4JxvGmnkWpaLq6wcXgTQusQVtjYn/gbIthC5ak/A3lTLAAAApR+LCAAAAAAAAP9tjTEOwjAQBC9BFLSUPOIiIUGDqNJabniBiY1xYt0Z2yGpeBFf4w8EIlGxxWpnm3m+YJkiHDlabA11jlLjMPjeTgsHjt3F84Atn7FhSuwNSjNI1qaeUXI2MKcoYSFgZajxnBzZDGvRqruqvCJbnXKcvoOA0ukbPKAQkzmrmL8wRthce52Yfp6/AhhDhnK7+9Q+vAEIWoEpvgAAAA==[0m[Pipeline] echo
Scanning application for vulnerabilities
[8mha:////4LD3ST9rKql7NvyAJKw4Lskn670A2bpSorM2h9ZR6h9PAAAApR+LCAAAAAAAAP9tjTEOwjAQBC9BFLSUPOIiISEKRJXWcsMLTGyME+vO2A5JxYv4Gn8gEImKLVY728zzBcsU4cjRYmuoc5Qah8H3dlo4cOwungds+YwNU2JvUJpBsjb1jJKzgTlFCQsBK0ON5+TIZliLVt1V5RXZ6pTj9B0ElE7f4AGFmMxZxfyFMcLm2uvE9PP8FcAYMpTb3af24Q1Ja5owvgAAAA==[0m[Pipeline] sh
+ /var/lib/jenkins/tools/hudson.tasks.Maven_MavenInstallation/maven/bin/mvn sonar:sonar -Dsonar.projectKey=org.test:my-test-app -Dsonar.host.url=http://3.93.148.87:9000 -Dsonar.login=886273ce0797a98587ae49ded273863a196a9a68
[INFO] Scanning for projects...
[WARNING] The POM for org.eclipse.m2e:lifecycle-mapping:jar:1.0.0 is missing, no dependency information available
[WARNING] Failed to retrieve plugin descriptor for org.eclipse.m2e:lifecycle-mapping:1.0.0: Plugin org.eclipse.m2e:lifecycle-mapping:1.0.0 or one of its dependencies could not be resolved: org.eclipse.m2e:lifecycle-mapping:jar:1.0.0 was not found in https://repo.maven.apache.org/maven2 during a previous attempt. This failure was cached in the local repository and resolution is not reattempted until the update interval of central has elapsed or updates are forced
[INFO] 
[INFO] -----------------------< com.casestudy:bootcamp >-----------------------
[INFO] Building bootcamp 0.0.1-SNAPSHOT
[INFO] --------------------------------[ jar ]---------------------------------
[WARNING] The POM for org.eclipse.m2e:lifecycle-mapping:jar:1.0.0 is missing, no dependency information available
[WARNING] Failed to retrieve plugin descriptor for org.eclipse.m2e:lifecycle-mapping:1.0.0: Plugin org.eclipse.m2e:lifecycle-mapping:1.0.0 or one of its dependencies could not be resolved: org.eclipse.m2e:lifecycle-mapping:jar:1.0.0 was not found in https://repo.maven.apache.org/maven2 during a previous attempt. This failure was cached in the local repository and resolution is not reattempted until the update interval of central has elapsed or updates are forced
[INFO] 
[INFO] --- sonar-maven-plugin:3.9.0.2155:sonar (default-cli) @ bootcamp ---
[INFO] User cache: /var/lib/jenkins/.sonar/cache
[INFO] SonarQube version: 8.9.0
[INFO] Default locale: "en", source code encoding: "UTF-8"
[INFO] Load global settings
[INFO] Load global settings (done) | time=137ms
[INFO] Server id: BF41A1F2-AXnCGHsoi29TvP-IMKxd
[INFO] User cache: /var/lib/jenkins/.sonar/cache
[INFO] Load/download plugins
[INFO] Load plugins index
[INFO] Load plugins index (done) | time=66ms
[INFO] Load/download plugins (done) | time=231ms
[INFO] Process project properties
[INFO] Process project properties (done) | time=11ms
[INFO] Execute project builders
[INFO] Execute project builders (done) | time=2ms
[INFO] Project key: org.test:my-test-app
[INFO] Base dir: /var/lib/jenkins/workspace/case-study-pipeline
[INFO] Working dir: /var/lib/jenkins/workspace/case-study-pipeline/target/sonar
[INFO] Load project settings for component key: 'org.test:my-test-app'
[INFO] Load project settings for component key: 'org.test:my-test-app' (done) | time=23ms
[INFO] Auto-configuring with CI 'Jenkins'
[INFO] Load quality profiles
[INFO] Load quality profiles (done) | time=98ms
[INFO] Auto-configuring with CI 'Jenkins'
[INFO] Load active rules
[INFO] Load active rules (done) | time=1756ms
[INFO] Indexing files...
[INFO] Project configuration:
[INFO] 4 files indexed
[INFO] 0 files ignored because of scm ignore settings
[INFO] Quality profile for java: Sonar way
[INFO] Quality profile for xml: Sonar way
[INFO] ------------- Run sensors on module bootcamp
[INFO] Load metrics repository
[INFO] Load metrics repository (done) | time=29ms
[INFO] Sensor JavaSquidSensor [java]
[INFO] Configured Java source version (sonar.java.source): 8
[INFO] JavaClasspath initialization
[INFO] JavaClasspath initialization (done) | time=12ms
[INFO] JavaTestClasspath initialization
[INFO] JavaTestClasspath initialization (done) | time=1ms
[INFO] Java Main Files AST scan
[INFO] 2 source files to be analyzed
[INFO] Load project repositories
[INFO] Load project repositories (done) | time=18ms
[INFO] 2/2 source files have been analyzed
[INFO] Java Main Files AST scan (done) | time=1577ms
[INFO] Java Test Files AST scan
[INFO] 1 source file to be analyzed
[INFO] 1/1 source file has been analyzed
[INFO] Java Test Files AST scan (done) | time=105ms
[INFO] Java Generated Files AST scan
[INFO] 0 source files to be analyzed
[INFO] 0/0 source files have been analyzed
[INFO] Java Generated Files AST scan (done) | time=1ms
[INFO] Sensor JavaSquidSensor [java] (done) | time=2247ms
[INFO] Sensor CSS Rules [cssfamily]
[INFO] No CSS, PHP, HTML or VueJS files are found in the project. CSS analysis is skipped.
[INFO] Sensor CSS Rules [cssfamily] (done) | time=1ms
[INFO] Sensor JaCoCo XML Report Importer [jacoco]
[INFO] 'sonar.coverage.jacoco.xmlReportPaths' is not defined. Using default locations: target/site/jacoco/jacoco.xml,target/site/jacoco-it/jacoco.xml,build/reports/jacoco/test/jacocoTestReport.xml
[INFO] No report imported, no coverage information will be imported by JaCoCo XML Report Importer
[INFO] Sensor JaCoCo XML Report Importer [jacoco] (done) | time=4ms
[INFO] Sensor C# Project Type Information [csharp]
[INFO] Sensor C# Project Type Information [csharp] (done) | time=1ms
[INFO] Sensor C# Properties [csharp]
[INFO] Sensor C# Properties [csharp] (done) | time=1ms
[INFO] Sensor SurefireSensor [java]
[INFO] parsing [/var/lib/jenkins/workspace/case-study-pipeline/target/surefire-reports]
[INFO] Sensor SurefireSensor [java] (done) | time=83ms
[INFO] Sensor JavaXmlSensor [java]
[INFO] 1 source file to be analyzed
[INFO] 1/1 source file has been analyzed
[INFO] Sensor JavaXmlSensor [java] (done) | time=177ms
[INFO] Sensor HTML [web]
[INFO] Sensor HTML [web] (done) | time=2ms
[INFO] Sensor XML Sensor [xml]
[INFO] 1 source file to be analyzed
[INFO] 1/1 source file has been analyzed
[INFO] Sensor XML Sensor [xml] (done) | time=145ms
[INFO] Sensor VB.NET Project Type Information [vbnet]
[INFO] Sensor VB.NET Project Type Information [vbnet] (done) | time=1ms
[INFO] Sensor VB.NET Properties [vbnet]
[INFO] Sensor VB.NET Properties [vbnet] (done) | time=1ms
[INFO] ------------- Run sensors on project
[INFO] Sensor Zero Coverage Sensor
[INFO] Sensor Zero Coverage Sensor (done) | time=9ms
[INFO] Sensor Java CPD Block Indexer
[INFO] Sensor Java CPD Block Indexer (done) | time=17ms
[INFO] CPD Executor 1 file had no CPD blocks
[INFO] CPD Executor Calculating CPD for 1 file
[INFO] CPD Executor CPD calculation finished (done) | time=16ms
[INFO] Analysis report generated in 80ms, dir size=106 KB
[INFO] Analysis report compressed in 25ms, zip size=19 KB
[INFO] Analysis report uploaded in 38ms
[INFO] ANALYSIS SUCCESSFUL, you can browse http://3.93.148.87:9000/dashboard?id=org.test%3Amy-test-app
[INFO] Note that you will be able to access the updated dashboard once the server has processed the submitted analysis report
[INFO] More about the report processing at http://3.93.148.87:9000/api/ce/task?id=AXnXQxdiw4NQCbP1SQB3
[INFO] Analysis total time: 7.265 s
[INFO] ------------------------------------------------------------------------
[INFO] BUILD SUCCESS
[INFO] ------------------------------------------------------------------------
[INFO] Total time:  10.748 s
[INFO] Finished at: 2021-06-04T13:42:48Z
[INFO] ------------------------------------------------------------------------
[8mha:////4I4uVR0aaABAIgBq1oStUVqhjUB4OlsBsdyyWEAt+g+IAAAApR+LCAAAAAAAAP9tjTEOwjAQBC9BFLSUPOIiISEhIaq0lhteYGJjnFh3xnZIKl7E1/gDgUhUbLHa2WaeL1imCEeOFltDnaPUOAy+t9PCgWN38Txgy2dsmBJ7g9IMkrWpZ5ScDcwpSlgIWBlqPCdHNsNatOquKq/IVqccp+8goHT6Bg8oxGTOKuYvjBE2114npp/nrwDGEDKU2/2ndm8FmBaQvgAAAA==[0m[Pipeline] }
[8mha:////4Gp2QgqEPM/8g0DyOh//a2PhBcMf8igdxMAozUrBjZS4AAAApR+LCAAAAAAAAP9tjTEOwjAQBC9BFLSUPOIiIRqEqNJabniBiY1xYt0Z2yGpeBFf4w8EIlGxxWpnm3m+YJkiHDlabA11jlLjMPjeTgsHjt3F84Atn7FhSuwNSjNI1qaeUXI2MKcoYSFgZajxnBzZDGvRqruqvCJbnXKcvoOA0ukbPKAQkzmrmL8wRthce52Yfp6/AhhDyFBu95/avQE2e00svgAAAA==[0m[Pipeline] // stage
[8mha:////4OGtbFfkDRDUEel+tG70TtlV+EAzg6kFum6MR5SkiYxwAAAAph+LCAAAAAAAAP9tjTEOwjAQBM9BKWgpeYSDBB2iorXc8AITG+PEugv2haTiRXyNPxCIRMVWOyut5vmCMic4UPKycdgGzHWQXez91ORAqb1EGmRDZ1kTZopOajdosu44oyZ2MEcUsFCwdFhHygE9w0o15m6qaNBXJ07TtldQBHuDBwg1mdkk/sKYYH3tbSb8ef4KYOwYxI6h2G4+x/INn/W1xsEAAAA=[0m[Pipeline] stage
[8mha:////4IqdsPqNL6U+X1qp1QekpOaPFxuosLKO+J3ppnLGxXbTAAAAph+LCAAAAAAAAP9tjTEOwjAUQ3+LOrAycogUxIiYukZZOEFoQkgb/V9+UtqJE3E17kBLJSY8WLYl673eUESGE7ETjcXWY6y96ELvpiQG4vYaaBANXURNGClYoeygyNhqqYqShUVZDisJa4t1oOjRJdjIRj90GTS68px42o4Scm/u8IRMTuSkOX3LyLC99SYS/jh/ATB2CfLDbrb9/Cw+ty4Up8IAAAA=[0m[Pipeline] { (Junit Test Cases)
[8mha:////4HIzNtKZRH+xQM2V+ZVDv2KykRo7X1b7+t3deOsmSk67AAAAox+LCAAAAAAAAP9tjTEOwjAQBC9BFLSUPOIioERUaS03vMDExjix7oztkFS8iK/xBwKRqNhitbPNPF+wTBGOHC22hjpHqXEYfG+nhQPH7uJ5wJbP2DAl9galGSRrU88oORuYU5SwELAy1HhOjmyGtWjVXVVeka1OOU7fQUDp9A0eUIjJnFXMXxgjbK69Tkw/z18BjCFDud9+ahfettHKdL4AAAA=[0m[Pipeline] echo
Generating Junit Test Report..
[8mha:////4G8aZNwvpB6czx/bUmfMiKfS+88jbjXdVwDDrKFGtJepAAAAox+LCAAAAAAAAP9tjTEOwjAQBC9BFLSUPOIilBJR0VppeIFJjLFj3Tm2g1PxIr7GHwhEomKL1c4283zBOgY4ctBoFfWGYmvQu1HPCzOH/uo4o+ULtkyRncJG5YY7dVqw4aRgSVHCSsBGUes4GtIJtsLKu6ycJF2dU5i/g4DSdAM8oBCzOcmQvjAF2N3GLjL9PH8FMPkEZb3/VO3f9+DRbb4AAAA=[0m[Pipeline] sh
+ /var/lib/jenkins/tools/hudson.tasks.Maven_MavenInstallation/maven/bin/mvn test site
[INFO] Scanning for projects...
[INFO] 
[INFO] -----------------------< com.casestudy:bootcamp >-----------------------
[INFO] Building bootcamp 0.0.1-SNAPSHOT
[INFO] --------------------------------[ jar ]---------------------------------
[INFO] 
[INFO] --- maven-resources-plugin:3.1.0:resources (default-resources) @ bootcamp ---
[INFO] Using 'UTF-8' encoding to copy filtered resources.
[INFO] Copying 1 resource
[INFO] Copying 1 resource
[INFO] 
[INFO] --- maven-compiler-plugin:3.8.1:compile (default-compile) @ bootcamp ---
[INFO] Nothing to compile - all classes are up to date
[INFO] 
[INFO] --- maven-resources-plugin:3.1.0:testResources (default-testResources) @ bootcamp ---
[INFO] Using 'UTF-8' encoding to copy filtered resources.
[INFO] skip non existing resourceDirectory /var/lib/jenkins/workspace/case-study-pipeline/src/test/resources
[INFO] 
[INFO] --- maven-compiler-plugin:3.8.1:testCompile (default-testCompile) @ bootcamp ---
[INFO] Nothing to compile - all classes are up to date
[INFO] 
[INFO] --- maven-surefire-plugin:2.22.2:test (default-test) @ bootcamp ---
[INFO] 
[INFO] -------------------------------------------------------
[INFO]  T E S T S
[INFO] -------------------------------------------------------
[INFO] Running com.TestMessageController
13:42:54.156 [main] DEBUG org.springframework.test.context.BootstrapUtils - Instantiating CacheAwareContextLoaderDelegate from class [org.springframework.test.context.cache.DefaultCacheAwareContextLoaderDelegate]
13:42:54.176 [main] DEBUG org.springframework.test.context.BootstrapUtils - Instantiating BootstrapContext using constructor [public org.springframework.test.context.support.DefaultBootstrapContext(java.lang.Class,org.springframework.test.context.CacheAwareContextLoaderDelegate)]
13:42:54.199 [main] DEBUG org.springframework.test.context.BootstrapUtils - Instantiating TestContextBootstrapper for test class [com.TestMessageController] from class [org.springframework.boot.test.context.SpringBootTestContextBootstrapper]
13:42:54.217 [main] INFO org.springframework.boot.test.context.SpringBootTestContextBootstrapper - Neither @ContextConfiguration nor @ContextHierarchy found for test class [com.TestMessageController], using SpringBootContextLoader
13:42:54.220 [main] DEBUG org.springframework.test.context.support.AbstractContextLoader - Did not detect default resource location for test class [com.TestMessageController]: class path resource [com/TestMessageController-context.xml] does not exist
13:42:54.221 [main] DEBUG org.springframework.test.context.support.AbstractContextLoader - Did not detect default resource location for test class [com.TestMessageController]: class path resource [com/TestMessageControllerContext.groovy] does not exist
13:42:54.221 [main] INFO org.springframework.test.context.support.AbstractContextLoader - Could not detect default resource locations for test class [com.TestMessageController]: no resource found for suffixes {-context.xml, Context.groovy}.
13:42:54.221 [main] INFO org.springframework.test.context.support.AnnotationConfigContextLoaderUtils - Could not detect default configuration classes for test class [com.TestMessageController]: TestMessageController does not declare any static, non-private, non-final, nested classes annotated with @Configuration.
13:42:54.279 [main] DEBUG org.springframework.test.context.support.ActiveProfilesUtils - Could not find an 'annotation declaring class' for annotation type [org.springframework.test.context.ActiveProfiles] and class [com.TestMessageController]
13:42:54.399 [main] DEBUG org.springframework.context.annotation.ClassPathScanningCandidateComponentProvider - Identified candidate component class: file [/var/lib/jenkins/workspace/case-study-pipeline/target/classes/com/Application.class]
13:42:54.405 [main] INFO org.springframework.boot.test.context.SpringBootTestContextBootstrapper - Found @SpringBootConfiguration com.Application for test class com.TestMessageController
13:42:54.495 [main] DEBUG org.springframework.boot.test.context.SpringBootTestContextBootstrapper - @TestExecutionListeners is not present for class [com.TestMessageController]: using defaults.
13:42:54.496 [main] INFO org.springframework.boot.test.context.SpringBootTestContextBootstrapper - Loaded default TestExecutionListener class names from location [META-INF/spring.factories]: [org.springframework.boot.test.mock.mockito.MockitoTestExecutionListener, org.springframework.boot.test.mock.mockito.ResetMocksTestExecutionListener, org.springframework.boot.test.autoconfigure.restdocs.RestDocsTestExecutionListener, org.springframework.boot.test.autoconfigure.web.client.MockRestServiceServerResetTestExecutionListener, org.springframework.boot.test.autoconfigure.web.servlet.MockMvcPrintOnlyOnFailureTestExecutionListener, org.springframework.boot.test.autoconfigure.web.servlet.WebDriverTestExecutionListener, org.springframework.test.context.web.ServletTestExecutionListener, org.springframework.test.context.support.DirtiesContextBeforeModesTestExecutionListener, org.springframework.test.context.support.DependencyInjectionTestExecutionListener, org.springframework.test.context.support.DirtiesContextTestExecutionListener, org.springframework.test.context.transaction.TransactionalTestExecutionListener, org.springframework.test.context.jdbc.SqlScriptsTestExecutionListener]
13:42:54.514 [main] DEBUG org.springframework.boot.test.context.SpringBootTestContextBootstrapper - Skipping candidate TestExecutionListener [org.springframework.test.context.transaction.TransactionalTestExecutionListener] due to a missing dependency. Specify custom listener classes or make the default listener classes and their required dependencies available. Offending class: [org/springframework/transaction/interceptor/TransactionAttributeSource]
13:42:54.521 [main] DEBUG org.springframework.boot.test.context.SpringBootTestContextBootstrapper - Skipping candidate TestExecutionListener [org.springframework.test.context.jdbc.SqlScriptsTestExecutionListener] due to a missing dependency. Specify custom listener classes or make the default listener classes and their required dependencies available. Offending class: [org/springframework/transaction/interceptor/TransactionAttribute]
13:42:54.523 [main] INFO org.springframework.boot.test.context.SpringBootTestContextBootstrapper - Using TestExecutionListeners: [org.springframework.test.context.web.ServletTestExecutionListener@264f218, org.springframework.test.context.support.DirtiesContextBeforeModesTestExecutionListener@3576ddc2, org.springframework.boot.test.mock.mockito.MockitoTestExecutionListener@35b74c5c, org.springframework.boot.test.autoconfigure.SpringBootDependencyInjectionTestExecutionListener@2e570ded, org.springframework.test.context.support.DirtiesContextTestExecutionListener@b86de0d, org.springframework.boot.test.mock.mockito.ResetMocksTestExecutionListener@81d9a72, org.springframework.boot.test.autoconfigure.restdocs.RestDocsTestExecutionListener@747f281, org.springframework.boot.test.autoconfigure.web.client.MockRestServiceServerResetTestExecutionListener@1169afe1, org.springframework.boot.test.autoconfigure.web.servlet.MockMvcPrintOnlyOnFailureTestExecutionListener@2ca26d77, org.springframework.boot.test.autoconfigure.web.servlet.WebDriverTestExecutionListener@4808bc9b]
13:42:54.539 [main] DEBUG org.springframework.test.context.support.AbstractDirtiesContextTestExecutionListener - Before test class: context [DefaultTestContext@1e13529a testClass = TestMessageController, testInstance = [null], testMethod = [null], testException = [null], mergedContextConfiguration = [WebMergedContextConfiguration@1ec9bd38 testClass = TestMessageController, locations = '{}', classes = '{class com.Application}', contextInitializerClasses = '[]', activeProfiles = '{}', propertySourceLocations = '{}', propertySourceProperties = '{org.springframework.boot.test.context.SpringBootTestContextBootstrapper=true}', contextCustomizers = set[org.springframework.boot.test.context.filter.ExcludeFilterContextCustomizer@40005471, org.springframework.boot.test.json.DuplicateJsonObjectContextCustomizerFactory$DuplicateJsonObjectContextCustomizer@49438269, org.springframework.boot.test.mock.mockito.MockitoContextCustomizer@0, org.springframework.boot.test.web.client.TestRestTemplateContextCustomizer@3bd82cf5, org.springframework.boot.test.autoconfigure.properties.PropertyMappingContextCustomizer@0, org.springframework.boot.test.autoconfigure.web.servlet.WebDriverContextCustomizerFactory$Customizer@609cd4d8], resourceBasePath = 'src/main/webapp', contextLoader = 'org.springframework.boot.test.context.SpringBootContextLoader', parent = [null]], attributes = map['org.springframework.test.context.web.ServletTestExecutionListener.activateListener' -> true]], class annotated with @DirtiesContext [false] with mode [null].
13:42:54.586 [main] DEBUG org.springframework.test.context.support.TestPropertySourceUtils - Adding inlined properties to environment: {spring.jmx.enabled=false, org.springframework.boot.test.context.SpringBootTestContextBootstrapper=true, server.port=-1}

  .   ____          _            __ _ _
 /\\ / ___'_ __ _ _(_)_ __  __ _ \ \ \ \
( ( )\___ | '_ | '_| | '_ \/ _` | \ \ \ \
 \\/  ___)| |_)| | | | | || (_| |  ) ) ) )
  '  |____| .__|_| |_|_| |_\__, | / / / /
 =========|_|==============|___/=/_/_/_/
 :: Spring Boot ::        (v2.1.7.RELEASE)

2021-06-04 13:42:55.045  INFO 18634 --- [           main] com.TestMessageController                : Starting TestMessageController on master with PID 18634 (started by jenkins in /var/lib/jenkins/workspace/case-study-pipeline)
2021-06-04 13:42:55.047  INFO 18634 --- [           main] com.TestMessageController                : No active profile set, falling back to default profiles: default
2021-06-04 13:42:57.827  INFO 18634 --- [           main] o.s.s.concurrent.ThreadPoolTaskExecutor  : Initializing ExecutorService 'applicationTaskExecutor'
2021-06-04 13:42:57.926  INFO 18634 --- [           main] o.s.b.a.w.s.WelcomePageHandlerMapping    : Adding welcome page: class path resource [static/index.html]
2021-06-04 13:42:58.100  INFO 18634 --- [           main] com.TestMessageController                : Started TestMessageController in 3.501 seconds (JVM running for 4.762)
2021-06-04 13:42:58.408  INFO 18634 --- [           main] com.MessageController                    : hello, its an info
2021-06-04 13:42:58.421  INFO 18634 --- [           main] com.MessageController                    : hello from test app1
[INFO] Tests run: 2, Failures: 0, Errors: 0, Skipped: 0, Time elapsed: 4.433 s - in com.TestMessageController
2021-06-04 13:42:58.466  INFO 18634 --- [       Thread-1] o.s.s.concurrent.ThreadPoolTaskExecutor  : Shutting down ExecutorService 'applicationTaskExecutor'
[INFO] 
[INFO] Results:
[INFO] 
[INFO] Tests run: 2, Failures: 0, Errors: 0, Skipped: 0
[INFO] 
[INFO] 
[INFO] --- maven-site-plugin:3.7.1:site (default-site) @ bootcamp ---
[WARNING] Report plugin org.apache.maven.plugins:maven-project-info-reports-plugin has an empty version.
[WARNING] 
[WARNING] It is highly recommended to fix these problems because they threaten the stability of your build.
[WARNING] 
[WARNING] For this reason, future Maven versions might no longer support building such malformed projects.
[INFO] configuring report plugin org.apache.maven.plugins:maven-project-info-reports-plugin:3.1.2
[INFO] 15 reports detected for maven-project-info-reports-plugin:3.1.2: ci-management, dependencies, dependency-info, dependency-management, distribution-management, index, issue-management, licenses, mailing-lists, modules, plugin-management, plugins, scm, summary, team
[INFO] Rendering site with default locale English (en)
[WARNING] Unable to find a URL to the parent project. The parent menu will NOT be added.
[INFO] Relativizing decoration links with respect to localized project URL: https://projects.spring.io/spring-boot/#/spring-boot-starter-parent/bootcamp
[INFO] Rendering content with org.apache.maven.skins:maven-default-skin:jar:1.2 skin.
[INFO] Generating "Dependencies" report  --- maven-project-info-reports-plugin:3.1.2:dependencies
[INFO] Generating "Dependency Information" report --- maven-project-info-reports-plugin:3.1.2:dependency-info
[INFO] Generating "Dependency Management" report --- maven-project-info-reports-plugin:3.1.2:dependency-management
[WARNING] Unable to create Maven project for com.fasterxml.jackson.module:jackson-module-scala_2.10:jar:2.9.9 from repository.
[WARNING] Unable to create Maven project for com.fasterxml.jackson.module:jackson-module-scala_2.11:jar:2.9.9 from repository.
[WARNING] Unable to create Maven project for com.fasterxml.jackson.module:jackson-module-scala_2.12:jar:2.9.9 from repository.
Downloading from maven-default-http-blocker: http://0.0.0.0/org/sonatype/plugins/nexus-staging-maven-plugin/maven-metadata.xml
[WARNING] Could not transfer metadata org.sonatype.plugins:nexus-staging-maven-plugin/maven-metadata.xml from/to maven-default-http-blocker (http://0.0.0.0/): transfer failed for http://0.0.0.0/org/sonatype/plugins/nexus-staging-maven-plugin/maven-metadata.xml
[WARNING] org.sonatype.plugins:nexus-staging-maven-plugin/maven-metadata.xmlfailed to transfer from http://0.0.0.0/ during a previous attempt. This failure was cached in the local repository and resolution will not be reattempted until the update interval of maven-default-http-blocker has elapsed or updates are forced. Original error: Could not transfer metadata org.sonatype.plugins:nexus-staging-maven-plugin/maven-metadata.xml from/to maven-default-http-blocker (http://0.0.0.0/): transfer failed for http://0.0.0.0/org/sonatype/plugins/nexus-staging-maven-plugin/maven-metadata.xml
[WARNING] Unable to create Maven project for org.postgresql:postgresql:jar:42.2.6 from repository.
[INFO] Generating "About" report         --- maven-project-info-reports-plugin:3.1.2:index
[INFO] Generating "Licenses" report      --- maven-project-info-reports-plugin:3.1.2:licenses
[INFO] Generating "Plugin Management" report --- maven-project-info-reports-plugin:3.1.2:plugin-management
[INFO] Could not build project for: lifecycle-mapping:Error resolving project artifact: org.eclipse.m2e:lifecycle-mapping:pom:1.0.0 was not found in https://repo.maven.apache.org/maven2 during a previous attempt. This failure was cached in the local repository and resolution is not reattempted until the update interval of central has elapsed or updates are forced for project org.eclipse.m2e:lifecycle-mapping:pom:1.0.0
org.apache.maven.project.ProjectBuildingException: Error resolving project artifact: org.eclipse.m2e:lifecycle-mapping:pom:1.0.0 was not found in https://repo.maven.apache.org/maven2 during a previous attempt. This failure was cached in the local repository and resolution is not reattempted until the update interval of central has elapsed or updates are forced for project org.eclipse.m2e:lifecycle-mapping:pom:1.0.0
    at org.apache.maven.project.DefaultProjectBuilder.build (DefaultProjectBuilder.java:330)
    at org.apache.maven.project.DefaultProjectBuilder.build (DefaultProjectBuilder.java:299)
    at org.apache.maven.report.projectinfo.PluginManagementReport$PluginManagementRenderer.renderSectionPluginManagement (PluginManagementReport.java:230)
    at org.apache.maven.report.projectinfo.PluginManagementReport$PluginManagementRenderer.renderBody (PluginManagementReport.java:192)
    at org.apache.maven.reporting.AbstractMavenReportRenderer.render (AbstractMavenReportRenderer.java:80)
    at org.apache.maven.report.projectinfo.PluginManagementReport.executeReport (PluginManagementReport.java:79)
    at org.apache.maven.reporting.AbstractMavenReport.generate (AbstractMavenReport.java:251)
    at org.apache.maven.plugins.site.render.ReportDocumentRenderer.renderDocument (ReportDocumentRenderer.java:230)
    at org.apache.maven.doxia.siterenderer.DefaultSiteRenderer.render (DefaultSiteRenderer.java:349)
    at org.apache.maven.plugins.site.render.SiteMojo.renderLocale (SiteMojo.java:198)
    at org.apache.maven.plugins.site.render.SiteMojo.execute (SiteMojo.java:147)
    at org.apache.maven.plugin.DefaultBuildPluginManager.executeMojo (DefaultBuildPluginManager.java:137)
    at org.apache.maven.lifecycle.internal.MojoExecutor.execute (MojoExecutor.java:210)
    at org.apache.maven.lifecycle.internal.MojoExecutor.execute (MojoExecutor.java:156)
    at org.apache.maven.lifecycle.internal.MojoExecutor.execute (MojoExecutor.java:148)
    at org.apache.maven.lifecycle.internal.LifecycleModuleBuilder.buildProject (LifecycleModuleBuilder.java:117)
    at org.apache.maven.lifecycle.internal.LifecycleModuleBuilder.buildProject (LifecycleModuleBuilder.java:81)
    at org.apache.maven.lifecycle.internal.builder.singlethreaded.SingleThreadedBuilder.build (SingleThreadedBuilder.java:56)
    at org.apache.maven.lifecycle.internal.LifecycleStarter.execute (LifecycleStarter.java:128)
    at org.apache.maven.DefaultMaven.doExecute (DefaultMaven.java:305)
    at org.apache.maven.DefaultMaven.doExecute (DefaultMaven.java:192)
    at org.apache.maven.DefaultMaven.execute (DefaultMaven.java:105)
    at org.apache.maven.cli.MavenCli.execute (MavenCli.java:957)
    at org.apache.maven.cli.MavenCli.doMain (MavenCli.java:289)
    at org.apache.maven.cli.MavenCli.main (MavenCli.java:193)
    at jdk.internal.reflect.NativeMethodAccessorImpl.invoke0 (Native Method)
    at jdk.internal.reflect.NativeMethodAccessorImpl.invoke (NativeMethodAccessorImpl.java:62)
    at jdk.internal.reflect.DelegatingMethodAccessorImpl.invoke (DelegatingMethodAccessorImpl.java:43)
    at java.lang.reflect.Method.invoke (Method.java:566)
    at org.codehaus.plexus.classworlds.launcher.Launcher.launchEnhanced (Launcher.java:282)
    at org.codehaus.plexus.classworlds.launcher.Launcher.launch (Launcher.java:225)
    at org.codehaus.plexus.classworlds.launcher.Launcher.mainWithExitCode (Launcher.java:406)
    at org.codehaus.plexus.classworlds.launcher.Launcher.main (Launcher.java:347)
Caused by: org.eclipse.aether.resolution.ArtifactResolutionException: org.eclipse.m2e:lifecycle-mapping:pom:1.0.0 was not found in https://repo.maven.apache.org/maven2 during a previous attempt. This failure was cached in the local repository and resolution is not reattempted until the update interval of central has elapsed or updates are forced
    at org.eclipse.aether.internal.impl.DefaultArtifactResolver.resolve (DefaultArtifactResolver.java:424)
    at org.eclipse.aether.internal.impl.DefaultArtifactResolver.resolveArtifacts (DefaultArtifactResolver.java:229)
    at org.eclipse.aether.internal.impl.DefaultArtifactResolver.resolveArtifact (DefaultArtifactResolver.java:207)
    at org.eclipse.aether.internal.impl.DefaultRepositorySystem.resolveArtifact (DefaultRepositorySystem.java:262)
    at org.apache.maven.project.DefaultProjectBuilder.build (DefaultProjectBuilder.java:318)
    at org.apache.maven.project.DefaultProjectBuilder.build (DefaultProjectBuilder.java:299)
    at org.apache.maven.report.projectinfo.PluginManagementReport$PluginManagementRenderer.renderSectionPluginManagement (PluginManagementReport.java:230)
    at org.apache.maven.report.projectinfo.PluginManagementReport$PluginManagementRenderer.renderBody (PluginManagementReport.java:192)
    at org.apache.maven.reporting.AbstractMavenReportRenderer.render (AbstractMavenReportRenderer.java:80)
    at org.apache.maven.report.projectinfo.PluginManagementReport.executeReport (PluginManagementReport.java:79)
    at org.apache.maven.reporting.AbstractMavenReport.generate (AbstractMavenReport.java:251)
    at org.apache.maven.plugins.site.render.ReportDocumentRenderer.renderDocument (ReportDocumentRenderer.java:230)
    at org.apache.maven.doxia.siterenderer.DefaultSiteRenderer.render (DefaultSiteRenderer.java:349)
    at org.apache.maven.plugins.site.render.SiteMojo.renderLocale (SiteMojo.java:198)
    at org.apache.maven.plugins.site.render.SiteMojo.execute (SiteMojo.java:147)
    at org.apache.maven.plugin.DefaultBuildPluginManager.executeMojo (DefaultBuildPluginManager.java:137)
    at org.apache.maven.lifecycle.internal.MojoExecutor.execute (MojoExecutor.java:210)
    at org.apache.maven.lifecycle.internal.MojoExecutor.execute (MojoExecutor.java:156)
    at org.apache.maven.lifecycle.internal.MojoExecutor.execute (MojoExecutor.java:148)
    at org.apache.maven.lifecycle.internal.LifecycleModuleBuilder.buildProject (LifecycleModuleBuilder.java:117)
    at org.apache.maven.lifecycle.internal.LifecycleModuleBuilder.buildProject (LifecycleModuleBuilder.java:81)
    at org.apache.maven.lifecycle.internal.builder.singlethreaded.SingleThreadedBuilder.build (SingleThreadedBuilder.java:56)
    at org.apache.maven.lifecycle.internal.LifecycleStarter.execute (LifecycleStarter.java:128)
    at org.apache.maven.DefaultMaven.doExecute (DefaultMaven.java:305)
    at org.apache.maven.DefaultMaven.doExecute (DefaultMaven.java:192)
    at org.apache.maven.DefaultMaven.execute (DefaultMaven.java:105)
    at org.apache.maven.cli.MavenCli.execute (MavenCli.java:957)
    at org.apache.maven.cli.MavenCli.doMain (MavenCli.java:289)
    at org.apache.maven.cli.MavenCli.main (MavenCli.java:193)
    at jdk.internal.reflect.NativeMethodAccessorImpl.invoke0 (Native Method)
    at jdk.internal.reflect.NativeMethodAccessorImpl.invoke (NativeMethodAccessorImpl.java:62)
    at jdk.internal.reflect.DelegatingMethodAccessorImpl.invoke (DelegatingMethodAccessorImpl.java:43)
    at java.lang.reflect.Method.invoke (Method.java:566)
    at org.codehaus.plexus.classworlds.launcher.Launcher.launchEnhanced (Launcher.java:282)
    at org.codehaus.plexus.classworlds.launcher.Launcher.launch (Launcher.java:225)
    at org.codehaus.plexus.classworlds.launcher.Launcher.mainWithExitCode (Launcher.java:406)
    at org.codehaus.plexus.classworlds.launcher.Launcher.main (Launcher.java:347)
Caused by: org.eclipse.aether.transfer.ArtifactNotFoundException: org.eclipse.m2e:lifecycle-mapping:pom:1.0.0 was not found in https://repo.maven.apache.org/maven2 during a previous attempt. This failure was cached in the local repository and resolution is not reattempted until the update interval of central has elapsed or updates are forced
    at org.eclipse.aether.internal.impl.DefaultUpdateCheckManager.newException (DefaultUpdateCheckManager.java:217)
    at org.eclipse.aether.internal.impl.DefaultUpdateCheckManager.checkArtifact (DefaultUpdateCheckManager.java:189)
    at org.eclipse.aether.internal.impl.DefaultArtifactResolver.gatherDownloads (DefaultArtifactResolver.java:573)
    at org.eclipse.aether.internal.impl.DefaultArtifactResolver.performDownloads (DefaultArtifactResolver.java:483)
    at org.eclipse.aether.internal.impl.DefaultArtifactResolver.resolve (DefaultArtifactResolver.java:401)
    at org.eclipse.aether.internal.impl.DefaultArtifactResolver.resolveArtifacts (DefaultArtifactResolver.java:229)
    at org.eclipse.aether.internal.impl.DefaultArtifactResolver.resolveArtifact (DefaultArtifactResolver.java:207)
    at org.eclipse.aether.internal.impl.DefaultRepositorySystem.resolveArtifact (DefaultRepositorySystem.java:262)
    at org.apache.maven.project.DefaultProjectBuilder.build (DefaultProjectBuilder.java:318)
    at org.apache.maven.project.DefaultProjectBuilder.build (DefaultProjectBuilder.java:299)
    at org.apache.maven.report.projectinfo.PluginManagementReport$PluginManagementRenderer.renderSectionPluginManagement (PluginManagementReport.java:230)
    at org.apache.maven.report.projectinfo.PluginManagementReport$PluginManagementRenderer.renderBody (PluginManagementReport.java:192)
    at org.apache.maven.reporting.AbstractMavenReportRenderer.render (AbstractMavenReportRenderer.java:80)
    at org.apache.maven.report.projectinfo.PluginManagementReport.executeReport (PluginManagementReport.java:79)
    at org.apache.maven.reporting.AbstractMavenReport.generate (AbstractMavenReport.java:251)
    at org.apache.maven.plugins.site.render.ReportDocumentRenderer.renderDocument (ReportDocumentRenderer.java:230)
    at org.apache.maven.doxia.siterenderer.DefaultSiteRenderer.render (DefaultSiteRenderer.java:349)
    at org.apache.maven.plugins.site.render.SiteMojo.renderLocale (SiteMojo.java:198)
    at org.apache.maven.plugins.site.render.SiteMojo.execute (SiteMojo.java:147)
    at org.apache.maven.plugin.DefaultBuildPluginManager.executeMojo (DefaultBuildPluginManager.java:137)
    at org.apache.maven.lifecycle.internal.MojoExecutor.execute (MojoExecutor.java:210)
    at org.apache.maven.lifecycle.internal.MojoExecutor.execute (MojoExecutor.java:156)
    at org.apache.maven.lifecycle.internal.MojoExecutor.execute (MojoExecutor.java:148)
    at org.apache.maven.lifecycle.internal.LifecycleModuleBuilder.buildProject (LifecycleModuleBuilder.java:117)
    at org.apache.maven.lifecycle.internal.LifecycleModuleBuilder.buildProject (LifecycleModuleBuilder.java:81)
    at org.apache.maven.lifecycle.internal.builder.singlethreaded.SingleThreadedBuilder.build (SingleThreadedBuilder.java:56)
    at org.apache.maven.lifecycle.internal.LifecycleStarter.execute (LifecycleStarter.java:128)
    at org.apache.maven.DefaultMaven.doExecute (DefaultMaven.java:305)
    at org.apache.maven.DefaultMaven.doExecute (DefaultMaven.java:192)
    at org.apache.maven.DefaultMaven.execute (DefaultMaven.java:105)
    at org.apache.maven.cli.MavenCli.execute (MavenCli.java:957)
    at org.apache.maven.cli.MavenCli.doMain (MavenCli.java:289)
    at org.apache.maven.cli.MavenCli.main (MavenCli.java:193)
    at jdk.internal.reflect.NativeMethodAccessorImpl.invoke0 (Native Method)
    at jdk.internal.reflect.NativeMethodAccessorImpl.invoke (NativeMethodAccessorImpl.java:62)
    at jdk.internal.reflect.DelegatingMethodAccessorImpl.invoke (DelegatingMethodAccessorImpl.java:43)
    at java.lang.reflect.Method.invoke (Method.java:566)
    at org.codehaus.plexus.classworlds.launcher.Launcher.launchEnhanced (Launcher.java:282)
    at org.codehaus.plexus.classworlds.launcher.Launcher.launch (Launcher.java:225)
    at org.codehaus.plexus.classworlds.launcher.Launcher.mainWithExitCode (Launcher.java:406)
    at org.codehaus.plexus.classworlds.launcher.Launcher.main (Launcher.java:347)
[INFO] Generating "Plugins" report       --- maven-project-info-reports-plugin:3.1.2:plugins
[INFO] Generating "Source Code Management" report --- maven-project-info-reports-plugin:3.1.2:scm
[INFO] Generating "Summary" report       --- maven-project-info-reports-plugin:3.1.2:summary
[INFO] Generating "Team" report          --- maven-project-info-reports-plugin:3.1.2:team
[INFO] ------------------------------------------------------------------------
[INFO] BUILD SUCCESS
[INFO] ------------------------------------------------------------------------
[INFO] Total time:  34.138 s
[INFO] Finished at: 2021-06-04T13:43:25Z
[INFO] ------------------------------------------------------------------------
[8mha:////4N6Zy9FI+DMvq9XemlDhd49LcTXSS4kZyGh9LSKmPDDRAAAApB+LCAAAAAAAAP9tjTEOwjAQBC9BFLSUPOIiBB2iSmu54QUmNsaJdWdsh6TiRXyNPxCIRMUWq51t5vmCZYpw5GixNdQ5So3D4Hs7LRw4dhfPA7Z8xoYpsTcozSBZm3pGydnAnKKEhYCVocZzcmQzrEWr7qryimx1ynH6DgJKp2/wgEJM5qxi/sIYYXPtdWL6ef4KYAwhQ7nbf2r7BpKm1V++AAAA[0m[Pipeline] }
[8mha:////4MoDOaOJ/8G0Ptr/nMH+gNdPHe76R0REHuri9Y6wd6AyAAAApB+LCAAAAAAAAP9tjTEOwjAQBC9BFLSUPOKChKgQVVrLDS8wsTFOrDtjOyQVL+Jr/IFAJCq2WO1sM88XLFOEI0eLraHOUWocBt/baeHAsbt4HrDlMzZMib1BaQbJ2tQzSs4G5hQlLASsDDWekyObYS1adVeVV2SrU47TdxBQOn2DBxRiMmcV8xfGCJtrrxPTz/NXAGMIGcrd/lPbN6FFjuO+AAAA[0m[Pipeline] // stage
[8mha:////4Phgrla/mwisDC/aQJ1VzkrPu13u0U8asg720Olh18jrAAAAph+LCAAAAAAAAP9tjTEOwjAQBM9BKWgpeYRTgGgQFa3lhheY2Bgn1l2wLyQVL+Jr/IFAJCq22llpNc8XlDnBgZKXjcM2YK6D7GLvpyYHSu0l0iAbOsuaMFN0UrtBk3XHGTWxgzmigIWCpcM6Ug7oGVaqMXdTRYO+OnGatr2CItgbPECoycwm8RfGBOtrbzPhz/NXAGPHILYMxWb3OZZvghbsEMEAAAA=[0m[Pipeline] stage
[8mha:////4FrquBIZ4M5Ul2tKyiyNHwajarSiC0KKf159Lu3ri2eqAAAAqB+LCAAAAAAAAP9tjTEOwjAUQ3+LOrAycoh0QIIBMXWNsnCC0ISQNvq//KS0EyfiatyBlkpMeLBsS9Z7vaGIDCdiJxqLrcdYe9GF3k1JDMTtNdAgGrqImjBSsELZQZGx1VIVJQuLshxWEtYW60DRo0uwkY1+6DJodOU58bQdJeTe3OEJmZzISXP6lpFhe+tNJPxx/gJg7BLku/1sh/lZfADpB/iZwgAAAA==[0m[Pipeline] { (HTML Reports for Junit Test Cases..!)
[8mha:////4Lb2ehjgHRtlirQ7VdigQqfhHKKVm/gp0r0BXR/F8VphAAAApR+LCAAAAAAAAP9tjTEOwjAQBC9BFLSUPOJSUICEqNJabniBiY1xYt0Z2yGpeBFf4w8EIlGxxWpnm3m+YJkiHDlabA11jlLjMPjeTgsHjt3F84Atn7FhSuwNSjNI1qaeUXI2MKcoYSFgZajxnBzZDGvRqruqvCJbnXKcvoOA0ukbPKAQkzmrmL8wRthce52Yfp6/AhhDhnK7+9Q+vAEGDPXtvgAAAA==[0m[Pipeline] echo
Publishing HTML Reports for Junit Test Cases
[8mha:////4N2sqAWynHWHbX1Tv+4Gk1O91TqU27Dmc41G/9JzRS9aAAAApR+LCAAAAAAAAP9tjTEOwjAQBC9BFLSUPOJSUCCEqNJabniBiY1xYt0Z2yGpeBFf4w8EIlGxxWpnm3m+YJkiHDlabA11jlLjMPjeTgsHjt3F84Atn7FhSuwNSjNI1qaeUXI2MKcoYSFgZajxnBzZDGvRqruqvCJbnXKcvoOA0ukbPKAQkzmrmL8wRthce52Yfp6/AhhDhnK7+9Q+vAFHPe70vgAAAA==[0m[Pipeline] publishHTML
[htmlpublisher] Archiving HTML reports...
[htmlpublisher] Archiving at PROJECT level /var/lib/jenkins/workspace/case-study-pipeline/target/site to /var/lib/jenkins/jobs/case-study-pipeline/htmlreports/HTML_20Report
[8mha:////4EfdDWN1fSnJhZifa6LmbqaqklgOTJmAk2LTcSwYwmDTAAAAph+LCAAAAAAAAP9tjTEOwjAQBC9BFLSUPOKCBBIFSkVrueEFJjHGiXUXbAen4kV8jT9gEYmKLVY728zrDcvgoWZvsNPUWwqNxcGNJi9M7Pur44QdX7BhCuw0Sp0kt/o0o+SoYU5RwkLASlPjOFgyEdaiUw9VOUWmOkefv6OA0rZ3eEIhsjkqH78wedjcxjYw/Tx/BTANQ4Ryv821O3wAP3+A6L4AAAA=[0m[Pipeline] }
[8mha:////4JjmH6cT2eFMpP6t5PemMGl3vkRvAstkc1tEJ7mE+DsjAAAApR+LCAAAAAAAAP9tjTEOwjAQBC9BFLSUPOIiBKJBqWgtN7zAJMY4se6C7eBUvIiv8QcsIlGxxWpnm3m9YRk81OwNdpp6S6GxOLjR5IWJfX91nLDjCzZMgZ1GqZPkVp9mlBw1zClKWAhYaWocB0smwlp06qEqp8hU5+jzdxRQ2vYOTyhENkfl4xcmD5vb2Aamn+evAKZhiFDut7l2hw8MnNtUvgAAAA==[0m[Pipeline] // stage
[8mha:////4EfayRItBmWhHnaTD+3ERJilWHvRTSvlQT4ufZajvmTHAAAAph+LCAAAAAAAAP9tjTEOwjAQBM9BKWgpeYQjoXSIitZywwtMYowT6y7YF5KKF/E1/oAhEhVb7ay0mucLyhThQNHJzmLvMTVeDmF0ucmJYn8JNMmOzrIhTBSs1HbS1NrjgprYwhJRwErB2mITKHl0DBvVmbupgkFXnTjmba+g8O0NHiBUNrOJ/IU5wvY6tonw5/krgHlgEDVDUe8+x/INGmraTsEAAAA=[0m[Pipeline] stage
[8mha:////4Is+w8n5GLA3V6eG3Y1S0cAMO5YYN9uj81NqVHOskuPXAAAApx+LCAAAAAAAAP9tjTEOwjAUQ3+LOrAycohUAjbE1DXKwglCE0La6P/yk9JOnIircQdaKjHhwbItWe/1hiIynIidaCy2HmPtRRd6NyUxELfXQINo6CJqwkjBCmUHRcZWS1WULCzKclhJWFusA0WPLsFGNvqhy6DRlefE03aUkHtzhydkciInzelbRobtrTeR8Mf5C4CxS5AfdrPt52fxAXzhjwPCAAAA[0m[Pipeline] { (Building Docker Image)
[8mha:////4D4jMPRQTkH3+Hw2HoQV/jskFyZzKxWr55jocJSxV0BpAAAAox+LCAAAAAAAAP9tjTEOwjAQBC9BFLSUPOJSkA5R0VppeIFJjLFj3Tm2g1PxIr7GHwhEomKL1c4283zBOgY4ctBoFfWGYmvQu1HPCzOH/uo4o+ULtkyRncJG5YY7dVqw4aRgSVHCSsBGUes4GtIJtsLKu6ycJF2dU5i/g4DSdAM8oBCzOcmQvjAF2N3GLjL9PH8FMPkEZb3/VO3fhXiFur4AAAA=[0m[Pipeline] echo
Building Docker Image for spring Application
[8mha:////4DHDZHg9lsoIcp0ftvs11dQwrn2CrtSoyS1XG5TUYMVeAAAApB+LCAAAAAAAAP9tjTEOwjAQBC9BFLSUPOJSABWiSmu54QUmNsaJdWdsh6TiRXyNPxCIRMUWq51t5vmCZYpw5GixNdQ5So3D4Hs7LRw4dhfPA7Z8xoYpsTcozSBZm3pGydnAnKKEhYCVocZzcmQzrEWr7qryimx1ynH6DgJKp2/wgEJM5qxi/sIYYXPtdWL6ef4KYAwZyt32U/vwBsRJnqO+AAAA[0m[Pipeline] sh
+ /var/lib/jenkins/tools/org.jenkinsci.plugins.docker.commons.tools.DockerTool/docker/bin/docker build -t ankit8917/my-jar-app:2.0 .
Sending build context to Docker daemon  18.14MB
Step 1/4 : FROM openjdk:8-jre-alpine3.9
 ---> f7a292bbb70c
Step 2/4 : COPY target/*.jar app.jar
 ---> afeebeb485bc
Step 3/4 : EXPOSE 8888
 ---> Running in 3939715da97b
Removing intermediate container 3939715da97b
 ---> e63e6c412c7b
Step 4/4 : CMD ["java", "-jar", "app.jar"]
 ---> Running in b8122b73c7b0
Removing intermediate container b8122b73c7b0
 ---> 959c115e0a32
Successfully built 959c115e0a32
Successfully tagged ankit8917/my-jar-app:2.0
[8mha:////4D6lmxHCRs9MCJzmvKSdcX+BxY8wVon7bWNRr7NrbtLtAAAApB+LCAAAAAAAAP9tjTEOwjAQBC9BFLSUPOJSgGgQVVrLDS8wsTFOrDtjOyQVL+Jr/IFAJCq2WO1sM88XLFOEI0eLraHOUWocBt/baeHAsbt4HrDlMzZMib1BaQbJ2tQzSs4G5hQlLASsDDWekyObYS1adVeVV2SrU47TdxBQOn2DBxRiMmcV8xfGCJtrrxPTz/NXAGMIGcrd/lPbN/zO9Xa+AAAA[0m[Pipeline] }
[8mha:////4JKKUh4FKGpdc5jwYBKlQ+tvec5wBdmQzRaHeE4Xf53aAAAApR+LCAAAAAAAAP9tjTEOwjAQBC9BFLSUPOIiISQKRJXWcsMLTGyME+vO2A5JxYv4Gn8gEImKLVY728zzBcsU4cjRYmuoc5Qah8H3dlo4cOwungds+YwNU2JvUJpBsjb1jJKzgTlFCQsBK0ON5+TIZliLVt1V5RXZ6pTj9B0ElE7f4AGFmMxZxfyFMcLm2uvE9PP8FcAYQoZyt//U9g3PLa7KvgAAAA==[0m[Pipeline] // stage
[8mha:////4H6zHrfnEU2smoDsSlti2MVZphlqKibO3/afOUCLpT0gAAAAph+LCAAAAAAAAP9tjTEOwjAQBC9BKWgpeYTTpEBCVLSWG15gYmOcWHfBvpBUvIiv8QcMkajYamel1TxfUKUIB4pOdBZ7j6n1Ygijy01MFPtLoEl0dBYtYaJghbKTImOPCypiC0uKElYS1hbbQMmjY9jITt91HTS6+sQxb3sJpTc3eEAhs5l15C/MEbbX0STCn+evAOaBoWgYymb3OVZvfElB78EAAAA=[0m[Pipeline] stage
[8mha:////4Hs28vKn9sfGRl/4KlndWUlymMPLp6xcMMn6Z2b95pmNAAAApx+LCAAAAAAAAP9tjTEOwjAUQ3+LOrAycoh0YQAhpq5RFk4QmhDSRv+Xn5R24kRcjTvQUokJD5ZtyXqvNxSR4UTsRGOx9RhrL7rQuymJgbi9BhpEQxdRE0YKVig7KDK2WqqiZGFRlsNKwtpiHSh6dAk2stEPXQaNrjwnnrajhNybOzwhkxM5aU7fMjJsb72JhD/OXwCMXYJ8t5/tMD+LD56au0DCAAAA[0m[Pipeline] { (Push Docker Image to Dockerhub)
[8mha:////4EdUjU9FUFXywPoIBJWiPiSOsp4ycH1xRQUyZwvVJrtJAAAAqB+LCAAAAAAAAP9tjTEOwjAUQ3+LOrAycoiUAQaEOrFGXThBaEJIGv1fkpR04kRcjTsQqMSEB8u2ZL3nC6rgoSGvmVXYGwydYYMbdU4ske8vjhKzdGYdYSCnWKtSS1Id59pSVDCrKGHBYamwcxQM6ggrbsVd1E6grk/R5+3AoTTyBg8oeCZH4eO3TB7W11EGwh/nLwCmIUK53WfbbT7P6g0iH00AwgAAAA==[0m[Pipeline] withCredentials
Masking supported pattern matches of $dockerhubp1
[8mha:////4N3ESwO6UIscyedGeGGjP6ZpoFve8p8oAXU8zGZRSA2aAAAApx+LCAAAAAAAAP9tjTEOwjAUQ3+LOrAycogUBibE1DXKwglCE0La6P/yk9JOnIircQdaKjHhwbItWe/1hiIynIidaCy2HmPtRRd6NyUxELfXQINo6CJqwkjBCmUHRcZWS1WULCzKclhJWFusA0WPLsFGNvqhy6DRlefE03aUkHtzhydkciInzelbRobtrTeR8Mf5C4CxS5AfdrPt52fxAW2++SvCAAAA[0m[Pipeline] {
[8mha:////4ISWL9IEhosiE6dT8mvvfbDtIEq5vcPexbfUbvZUGP1xAAAApB+LCAAAAAAAAP9tjTEOwjAQBC9BFLSUPOIikKgQVVrLDS8wsTFOrDtjOyQVL+Jr/IFAJCq2WO1sM88XLFOEI0eLraHOUWocBt/baeHAsbt4HrDlMzZMib1BaQbJ2tQzSs4G5hQlLASsDDWekyObYS1adVeVV2SrU47TdxBQOn2DBxRiMmcV8xfGCJtrrxPTz/NXAGPIUO63n9qFN4OkKLa+AAAA[0m[Pipeline] sh
Warning: A secret was passed to "sh" using Groovy String interpolation, which is insecure.
		 Affected argument(s) used the following variable(s): [dockerhubp1]
		 See https://jenkins.io/redirect/groovy-string-interpolation for details.
+ /var/lib/jenkins/tools/org.jenkinsci.plugins.docker.commons.tools.DockerTool/docker/bin/docker login -u ankit8917 -p ****
Login Succeeded
[8mha:////4Fu++9urAR1yoLLKIM6yifXRoKdKUbVOY2PQvnSUhb97AAAApB+LCAAAAAAAAP9tjTEOwjAQBC9BFLSUPOIihKgQVVrLDS8wsTFOrDtjOyQVL+Jr/IFAJCq2WO1sM88XLFOEI0eLraHOUWocBt/baeHAsbt4HrDlMzZMib1BaQbJ2tQzSs4G5hQlLASsDDWekyObYS1adVeVV2SrU47TdxBQOn2DBxRiMmcV8xfGCJtrrxPTz/NXAGPIUO63n9qFN8KVM6++AAAA[0m[Pipeline] sh
+ /var/lib/jenkins/tools/org.jenkinsci.plugins.docker.commons.tools.DockerTool/docker/bin/docker push ankit8917/my-jar-app:2.0
The push refers to repository [docker.io/ankit8917/my-jar-app]
1560820463ce: Preparing
edd61588d126: Preparing
9b9b7f3d56a0: Preparing
f1b5933fe4b5: Preparing
9b9b7f3d56a0: Layer already exists
edd61588d126: Layer already exists
f1b5933fe4b5: Layer already exists
1560820463ce: Pushed
2.0: digest: sha256:495f38d92ece216aa8b8f7abadc26a49b1c88aaa236d82fc315e3210a68bafae size: 1159
[8mha:////4LvQEIpkJFA/+/ceWl0ScFeE+RmUNeu2FHrS59YMaRNWAAAApB+LCAAAAAAAAP9tjTEOwjAQBC9BFLSUPOIiJKgQVVrLDS8wsTFOrDtjOyQVL+Jr/IFAJCq2WO1sM88XLFOEI0eLraHOUWocBt/baeHAsbt4HrDlMzZMib1BaQbJ2tQzSs4G5hQlLASsDDWekyObYS1adVeVV2SrU47TdxBQOn2DBxRiMmcV8xfGCJtrrxPTz/NXAGMIGcr97lPbNy40X2q+AAAA[0m[Pipeline] }
[8mha:////4HyJ/PFynj7p9qW0gWbaiwu7PRP+DZDAnpnxDEcYO4uaAAAAox+LCAAAAAAAAP9tjTEOwjAQBC9BFLSUPOJCkwpR0VppeIFJjLFj3Tm2g1PxIr7GHwhEomKL1c4283zBOgY4ctBoFfWGYmvQu1HPCzOH/uo4o+ULtkyRncJG5YY7dVqw4aRgSVHCSsBGUes4GtIJtsLKu6ycJF2dU5i/g4DSdAM8oBCzOcmQvjAF2N3GLjL9PH8FMHmfoKzrT+3fHdcE1r4AAAA=[0m[Pipeline] // withCredentials
[8mha:////4D410eGSL9tMzTwsYOTZtRBPDe8b9JFAD63wqJ4WGYxyAAAApR+LCAAAAAAAAP9tjTEOwjAQBC9BFLSUPOLSABJCqWgtN7zAJMY4se6C7eBUvIiv8QcsIlGxxWpnm3m9YRk81OwNdpp6S6GxOLjR5IWJfX91nLDjCzZMgZ1GqZPkVp9mlBw1zClKWAhYaWocB0smwlp06qEqp8hU5+jzdxRQ2vYOTyhENkfl4xcmD5vb2Aamn+evAKZhiFDu9rm2hw9WLFcwvgAAAA==[0m[Pipeline] }
[8mha:////4OXe/HSEX7jsYOWyOPdQ0pfk5+Wf9lHPDWsyGwIwnYgcAAAApR+LCAAAAAAAAP9tjTEOwjAQBC9BFLSUPOLSgEBCqWgtN7zAJMY4se6C7eBUvIiv8QcsIlGxxWpnm3m9YRk81OwNdpp6S6GxOLjR5IWJfX91nLDjCzZMgZ1GqZPkVp9mlBw1zClKWAhYaWocB0smwlp06qEqp8hU5+jzdxRQ2vYOTyhENkfl4xcmD5vb2Aamn+evAKZhiFDu9rm2hw9lzwyMvgAAAA==[0m[Pipeline] // stage
[8mha:////4J0+4dDztjsUz+IZ797hkTXLNgH2V02R4/+Om0shzfg9AAAApx+LCAAAAAAAAP9tjTEOwjAQBM9BKWgpeYTTgISEqGgtN7zAxMY4se6CfSGpeBFf4w8EIlGx1c5Kq3m+oMwJDpS8bBy2AXMdZBd7PzU5UGovkQbZ0FnWhJmik9oNmqw7zqiJHcwRBSwULB3WkXJAz7BSjbmbKhr01YnTtO0VFMHe4AFCTWY2ib8wJlhfe5sJf56/Ahg7BrFhKLa7z7F8A8hCNknBAAAA[0m[Pipeline] stage
[8mha:////4Nx01/ltthllKF6pTk2A7p6XGTcSGDTcKqLt+fnQne1vAAAApx+LCAAAAAAAAP9tjTEOwjAUQ3+LOrAycoh0QgIhpq5RFk4QmhDSRv+Xn5R24kRcjTvQUokJD5ZtyXqvNxSR4UTsRGOx9RhrL7rQuymJgbi9BhpEQxdRE0YKVig7KDK2WqqiZGFRlsNKwtpiHSh6dAk2stEPXQaNrjwnnrajhNybOzwhkxM5aU7fMjJsb72JhD/OXwCMXYJ8t5/tMD+LD0XdaX3CAAAA[0m[Pipeline] { (Configure Worker node and Deploy Application)
[8mha:////4LV/ljJFDRO7StAmDbvCuzJbSKw3VZ8uRcVUzkkx7pGCAAAApR+LCAAAAAAAAP9tjTEOwjAQBC9BFLSUPOJCAxJCqWgtN7zAJMY4se6C7eBUvIiv8QcsIlGxxWpnm3m9YRk81OwNdpp6S6GxOLjR5IWJfX91nLDjCzZMgZ1GqZPkVp9mlBw1zClKWAhYaWocB0smwlp06qEqp8hU5+jzdxRQ2vYOTyhENkfl4xcmD5vb2Aamn+evAKYhQrk75Npvhw8/Nre1vgAAAA==[0m[Pipeline] echo
Configure Worker node and Deploy Application using Ansible
[8mha:////4LyB09pwZWOnR+QBYmU0HOe5sBfD17tM4t5joAmU4eg8AAAAph+LCAAAAAAAAP9tjTEOwjAQBC9BFLSUPOIiCpAQSkVrueEFJjHGiXUXbAen4kV8jT9gEYmKLVY728zrDcvgoWZvsNPUWwqNxcGNJi9M7Pur44QdX7BhCuw0Sp0kt/o0o+SoYU5RwkLASlPjOFgyEdaiUw9VOUWmOkefv6OA0rZ3eEIhsjkqH78wedjcxjYw/Tx/BTANEcrdIdd+O3wAfgesrL4AAAA=[0m[Pipeline] ansiblePlaybook
[case-study-pipeline] $ /usr/bin/ansible-playbook playbook.yaml -i /etc/ansible/hosts --private-key /var/lib/jenkins/workspace/case-study-pipeline/ssh2140701432187230120.key -u ubuntu

PLAY [appserver] ***************************************************************

TASK [Gathering Facts] *********************************************************
[DEPRECATION WARNING]: Distribution Ubuntu 18.04 on host 172.31.87.78 should 
use /usr/bin/python3, but is using /usr/bin/python for backward compatibility 
with prior Ansible releases. A future Ansible release will default to using the
 discovered platform python for this host. See https://docs.ansible.com/ansible
/2.9/reference_appendices/interpreter_discovery.html for more information. This
 feature will be removed in version 2.12. Deprecation warnings can be disabled 
by setting deprecation_warnings=False in ansible.cfg.
ok: [172.31.87.78]

TASK [install pip] *************************************************************
ok: [172.31.87.78]

TASK [install docker-py python module] *****************************************
ok: [172.31.87.78]

TASK [install docker] **********************************************************
ok: [172.31.87.78]

TASK [start docker service] ****************************************************
ok: [172.31.87.78]

TASK [start the container] *****************************************************
ok: [172.31.87.78]

PLAY RECAP *********************************************************************
172.31.87.78               : ok=6    changed=0    unreachable=0    failed=0    skipped=0    rescued=0    ignored=0   

[8mha:////4DI3x5zkvb32EWTcB0DV5m8Wr1kV7w9Tz2pAAk4+MjhzAAAAph+LCAAAAAAAAP9tjTEOwjAQBC9BFLSUPOIiIYGEUCpayw0vMIkxTqy7YDs4FS/ia/wBi0hUbLHa2WZeb1gGDzV7g52m3lJoLA5uNHlhYt9fHSfs+IINU2CnUeokudWnGSVHDXOKEhYCVpoax8GSibAWnXqoyiky1Tn6/B0FlLa9wxMKkc1R+fiFycPmNraB6ef5K4BpGCKU+22u3eEDnEU1g74AAAA=[0m[Pipeline] }
[8mha:////4KOLb8H4UMlNNt1mOV0VHrNqdP5NZM6y6RiqFV8UkLLiAAAAph+LCAAAAAAAAP9tjTEOwjAQBC9BFLSUPOJSIBASSkVrueEFJjHGiXUXbAen4kV8jT9gEYmKLVY728zrDcvgoWZvsNPUWwqNxcGNJi9M7Pur44QdX7BhCuw0Sp0kt/o0o+SoYU5RwkLASlPjOFgyEdaiUw9VOUWmOkefv6OA0rZ3eEIhsjkqH78wedjcxjYw/Tx/BTANQ4Ryv821O3wAr6ZuP74AAAA=[0m[Pipeline] // stage
[8mha:////4Aq2q3otgcGkCxSvPwiW9wO0zAvlcGAoZiO4T8Tira1oAAAAph+LCAAAAAAAAP9tjTEOwjAQBC9BKWgpeYTTRDSIitZywwtMbIwT6y7YF5KKF/E1/oAhEhVb7ay0mucLqhThQNGJzmLvMbVeDGF0uYmJYn8JNImOzqIlTBSsUHZSZOxxQUVsYUlRwkrC2mIbKHl0DBvZ6buug0ZXnzjmbS+h9OYGDyhkNrOO/IU5wvY6mkT48/wVwDwwFA1DuWs+x+oNLpgcD8EAAAA=[0m[Pipeline] stage
[8mha:////4JUWyx4z+bStGjxPJtSzmuuhR4mGG2vfx0WPpqUQ5ODrAAAApx+LCAAAAAAAAP9tjTEOwjAUQ3+LOrAycoh0ARbE1DXKwglCE0La6P/yk9JOnIircQdaKjHhwbItWe/1hiIynIidaCy2HmPtRRd6NyUxELfXQINo6CJqwkjBCmUHRcZWS1WULCzKclhJWFusA0WPLsFGNvqhy6DRlefE03aUkHtzhydkciInzelbRobtrTeR8Mf5C4CxS5AfdrPt52fxAZRHx0bCAAAA[0m[Pipeline] { (Clean Up)
[8mha:////4Nx4tiZ77H4QUnW/UHhiMqZO/E0Bdls+iaMPa58qHk3OAAAAox+LCAAAAAAAAP9tjTEOwjAQBC9BFLSUPOJSkQZR0VppeIFJjLFj3Tm2g1PxIr7GHwhEomKL1c4283zBOgY4ctBoFfWGYmvQu1HPCzOH/uo4o+ULtkyRncJG5YY7dVqw4aRgSVHCSsBGUes4GtIJtsLKu6ycJF2dU5i/g4DSdAM8oBCzOcmQvjAF2N3GLjL9PH8FMPkEZb3/VO3fLvzCqr4AAAA=[0m[Pipeline] echo
Cleaning up the Workspace of case-study-pipeline
[8mha:////4JcVNNE9DbFpcromEejjOWEehN4/STHPUIVmKt4Q8ZUdAAAApB+LCAAAAAAAAP9tjTEOwjAQBC9BFLSUPOJSAQWiSmu54QUmNsaJdWdsh6TiRXyNPxCIRMUWq51t5vmCZYpw5GixNdQ5So3D4Hs7LRw4dhfPA7Z8xoYpsTcozSBZm3pGydnAnKKEhYCVocZzcmQzrEWr7qryimx1ynH6DgJKp2/wgEJM5qxi/sIYYXPtdWL6ef4KYAwZyt32U/vwBm/N2bO+AAAA[0m[Pipeline] cleanWs
[WS-CLEANUP] Deleting project workspace...
[WS-CLEANUP] Deferred wipeout is used...
[WS-CLEANUP] done
[8mha:////4EqfUWo6NoJxk0NW+CTn+ZcIcowpYqISFX6i4e4IbMyVAAAApB+LCAAAAAAAAP9tjTEOwjAQBC9BFLSUPOJSgZAQVVrLDS8wsTFOrDtjOyQVL+Jr/IFAJCq2WO1sM88XLFOEI0eLraHOUWocBt/baeHAsbt4HrDlMzZMib1BaQbJ2tQzSs4G5hQlLASsDDWekyObYS1adVeVV2SrU47TdxBQOn2DBxRiMmcV8xfGCJtrrxPTz/NXAGMIGcrd/lPbNxJ5NQC+AAAA[0m[Pipeline] }
[8mha:////4MzAfEI6QRy8RrP4bhqhU5BxcivAz5LuIMR4L+0Yn8rCAAAApR+LCAAAAAAAAP9tjTEOwjAQBC9BFLSUPOLSICSEqNJabniBiY1xYt0Z2yGpeBFf4w8EIlGxxWpnm3m+YJkiHDlabA11jlLjMPjeTgsHjt3F84Atn7FhSuwNSjNI1qaeUXI2MKcoYSFgZajxnBzZDGvRqruqvCJbnXKcvoOA0ukbPKAQkzmrmL8wRthce52Yfp6/AhhDyFDu9p/avgEhmm68vgAAAA==[0m[Pipeline] // stage
[8mha:////4AC8Rac52OG5werat9w+OXDHoWOznR80IrrrlzswEronAAAApB+LCAAAAAAAAP9tjTEOwjAQBDdBFLSUPMKhQKJAVLRWGl5gEmOcWHfBvpBUvIiv8QciIlGx1c4083pjmSKOHJ1qLLWeUuVVF3o3PTVwbK+BB9XwRVVMiYNVpR1Kru1pxpLFYl6WY6GxslQFTp6cYK0b8zBFMOSKs8TJHTRyX9/xRKanspgoXxgjNre+Tky/zt8Axq4T5PutINt9AJjIHAS9AAAA[0m[Pipeline] }
[8mha:////4BSfyfm2Rr9ze0+fvbEPQyHckrZQq2neqotuKWbTAcZLAAAApB+LCAAAAAAAAP9tjTEOwjAQBDdBFLSUPMIRoqBAVLRWGl5gEmOcWHfBvpBUvIiv8QciIlGx1c4083pjmSKOHJ1qLLWeUuVVF3o3PTVwbK+BB9XwRVVMiYNVpR1Kru1pxpLFYl6WY6GxslQFTp6cYK0b8zBFMOSKs8TJHTRyX9/xRKanspgoXxgjNre+Tky/zt8Axq4T5PutINt9AIt0GKe9AAAA[0m[Pipeline] // node
[8mha:////4BKDaSrUdpyYicUDFWVbNYng+5BzeX9UuVDixN6Pl0oqAAAAph+LCAAAAAAAAP9tjTEOwjAQBC9BKWgpeYQjpaFAVLSWG15gYmOcWHfBvpBUvIiv8QcMkajYamel1TxfUKUIB4pOdBZ7j6n1Ygijy01MFPtLoEl0dBYtYaJghbKTImOPCypiC0uKElYS1hbbQMmjY9jITt91HTS6+sQxb3sJpTc3eEAhs5l15C/MEbbX0STCn+evAOaBoWgYyl3zOVZvxLqHl8EAAAA=[0m[Pipeline] node
Running on [8mha:////4Akf/+NMV2iSxbfp2yRL1H1t+53B39Asib7rbcT5ZaWIAAAAnh+LCAAAAAAAAP9b85aBtbiIQTGjNKU4P08vOT+vOD8nVc83PyU1x6OyILUoJzMv2y+/JJUBAhiZGBgqihhk0NSjKDWzXb3RdlLBUSYGJk8GtpzUvPSSDB8G5tKinBIGIZ+sxLJE/ZzEvHT94JKizLx0a6BxUmjGOUNodHsLgAz2EgZh/eT83ILSktQifY3cxGIgrakPAHib2iPIAAAA[0mJenkins in /var/lib/jenkins/workspace/case-study-pipeline
[8mha:////4K/6GnaFkc7E5+HFpC1jpqlYLpmpcEoYLypJpPVYC6L2AAAAqB+LCAAAAAAAAP9tjTEOwjAUQ3+LOrAycohUgoEBMXWNsnCC0ISQNvq//KS0EyfiatyBlkpMeLBsS9Z7vaGIDCdiJxqLrcdYe9GF3k1JDMTtNdAgGrqImjBSsELZQZGx1VIVJQuLshxWEtYW60DRo0uwkY1+6DJodOU58bQdJeTe3OEJmZzISXP6lpFhe+tNJPxx/gJg7BLkh91s+/lZfAARKflFwgAAAA==[0m[Pipeline] {
[8mha:////4Eg7tmTe3XshB4Rp5mAljHF82F2SrpAEw9UYB0x4IkllAAAApR+LCAAAAAAAAP9tjTEOwjAQBC9BFLSUPOJSgESBqNJabniBiY1xYt0Z2yGpeBFf4w8EIlGxxWpnm3m+YJkiHDlabA11jlLjMPjeTgsHjt3F84Atn7FhSuwNSjNI1qaeUXI2MKcoYSFgZajxnBzZDGvRqruqvCJbnXKcvoOA0ukbPKAQkzmrmL8wRthce52Yfp6/AhhDhnK//dQuvAE/wUw2vgAAAA==[0m[Pipeline] echo
Finally gets executed and Email notification sent for every build
[8mha:////4Nl+iSgAsHD8kc9ByfPSVFxJZfzIdV/IUn1nb0y38jrjAAAApR+LCAAAAAAAAP9tjTEOwjAQBC9BFLSUPOJSIESBqNJabniBiY1xYt0Z2yGpeBFf4w8EIlGxxWpnm3m+YJkiHDlabA11jlLjMPjeTgsHjt3F84Atn7FhSuwNSjNI1qaeUXI2MKcoYSFgZajxnBzZDGvRqruqvCJbnXKcvoOA0ukbPKAQkzmrmL8wRthce52Yfp6/AhhDhnK//dQuvAF+8FcvvgAAAA==[0m[Pipeline] emailext
Sending email to: ankit8917@gmail.com
[8mha:////4LErnkcAwWzf0q3t5OjvbOUil2Y7lLIvta3ovpCgTaTTAAAApR+LCAAAAAAAAP9tjTEOwjAQBC9BFLSUPOJSIEGBqNJabniBiY1xYt0Z2yGpeBFf4w8EIlGxxWpnm3m+YJkiHDlabA11jlLjMPjeTgsHjt3F84Atn7FhSuwNSjNI1qaeUXI2MKcoYSFgZajxnBzZDGvRqruqvCJbnXKcvoOA0ukbPKAQkzmrmL8wRthce52Yfp6/AhhDyFDud5/avgGihzBsvgAAAA==[0m[Pipeline] }
[8mha:////4OMXPyb1ALOsD1UC90NhhBKhbIuoah5hRIHXap0lnaChAAAApB+LCAAAAAAAAP9tjTEOwjAQBC9BFLSUPOIi0aRAVLRWGl5gEmPsWHeO7eBUvIiv8QcCkajYYrWzzTxfsI4Bjhw0WkW9odga9G7U88LMob86zmj5gi1TZKewUbnhTp0WbDgpWFKUsBKwUdQ6joZ0gq2w8i4rJ0lX5xTm7yCgNN0ADyjEbE4ypC9MAXa3sYtMP89fAUzeJyjr+lP7N5Fka9C+AAAA[0m[Pipeline] // node
[8mha:////4NmEHGadEvOohp48AX6P+x6JB9PNcdPeRPDR8jnUWAJsAAAApB+LCAAAAAAAAP9tjTEOwjAQBDdBFLSUPMKRaEBCVLRWGl5gEmOcWHfBvpBUvIiv8QciIlGx1c4083pjmSKOHJ1qLLWeUuVVF3o3PTVwbK+BB9XwRVVMiYNVpR1Kru1pxpLFYl6WY6GxslQFTp6cYK0b8zBFMOSKs8TJHTRyX9/xRKanspgoXxgjNre+Tky/zt8Axq4T5Lu9INt+AGwmD929AAAA[0m[Pipeline] End of Pipeline
Finished: SUCCESS
